<?xml version="1.0" encoding="UTF-8"?>
<!-- Generated by org.testng.reporters.JUnitXMLReporter -->
<testsuite ignored="1" hostname="QA" failures="0" tests="1" name="Analytics" time="125.257" errors="0" timestamp="2022-12-09T11:43:40 PKT">
  <testcase classname="SiteTestCases.AnalyticsTests.AnalyticsPageTests" name="Analytics" time="123.402"/>
  <testcase classname="SiteTestCases.AnalyticsTests.AnalyticsPageTests" name="GlobalSearch" time="0.0">
    <ignored/>
  </testcase> <!-- GlobalSearch -->
</testsuite> <!-- Analytics -->
