<?xml version="1.0" encoding="UTF-8"?>
<!-- Generated by org.testng.reporters.JUnitXMLReporter -->
<testsuite ignored="1" hostname="VX-LT-0082" failures="0" tests="1" name="Analytics" time="120.704" errors="0" timestamp="2022-10-11T11:18:40 PKT">
  <testcase classname="SiteTestCases.AnalyticsTests.AnalyticsPageTests" name="Analytics" time="118.618"/>
  <testcase classname="SiteTestCases.AnalyticsTests.AnalyticsPageTests" name="GlobalSearch" time="0.0">
    <ignored/>
  </testcase> <!-- GlobalSearch -->
</testsuite> <!-- Analytics -->
