<?xml version="1.0" encoding="UTF-8"?>
<!-- Generated by org.testng.reporters.JUnitXMLReporter -->
<testsuite ignored="2" hostname="VX-LT-0082" failures="0" tests="1" name="CreateNewWorkflow" time="61.358" errors="0" timestamp="2022-10-11T11:24:53 PKT">
  <testcase classname="SiteTestCases.SettingsTests.WorkflowsTests.WorkflowsPageTests" name="CreateNewWorkflow" time="59.269"/>
  <testcase classname="SiteTestCases.SettingsTests.WorkflowsTests.WorkflowsPageTests" name="PreviewCustomize" time="0.0">
    <ignored/>
  </testcase> <!-- PreviewCustomize -->
  <testcase classname="SiteTestCases.SettingsTests.WorkflowsTests.WorkflowsPageTests" name="CustomizeTemplates" time="0.0">
    <ignored/>
  </testcase> <!-- CustomizeTemplates -->
</testsuite> <!-- CreateNewWorkflow -->
