<?xml version="1.0" encoding="UTF-8"?>
<!-- Generated by org.testng.reporters.JUnitXMLReporter -->
<testsuite ignored="2" hostname="VX-LT-0082" failures="0" tests="1" name="GenerateAPIKey" time="44.88" errors="0" timestamp="2022-10-11T11:27:09 PKT">
  <testcase classname="SiteTestCases.SettingsTests.APIandWebhooksTests.APIandWebhooksTestsPage" name="GenerateAPIKey" time="42.784"/>
  <testcase classname="SiteTestCases.SettingsTests.APIandWebhooksTests.APIandWebhooksTestsPage" name="CreateWebhooks" time="0.0">
    <ignored/>
  </testcase> <!-- CreateWebhooks -->
  <testcase classname="SiteTestCases.SettingsTests.APIandWebhooksTests.APIandWebhooksTestsPage" name="GenerateLabelOCRAPIKey" time="0.0">
    <ignored/>
  </testcase> <!-- GenerateLabelOCRAPIKey -->
</testsuite> <!-- GenerateAPIKey -->
