<?xml version="1.0" encoding="UTF-8"?>
<!-- Generated by org.testng.reporters.JUnitXMLReporter -->
<testsuite ignored="2" hostname="QA" failures="0" tests="1" name="GenerateAPIKey" time="46.856" errors="0" timestamp="2022-12-12T11:16:38 PKT">
  <testcase classname="SiteTestCases.SettingsTests.APIandWebhooksTests.APIandWebhooksTestsPage" name="GenerateAPIKey" time="45.249"/>
  <testcase classname="SiteTestCases.SettingsTests.APIandWebhooksTests.APIandWebhooksTestsPage" name="CreateWebhooks" time="0.0">
    <ignored/>
  </testcase> <!-- CreateWebhooks -->
  <testcase classname="SiteTestCases.SettingsTests.APIandWebhooksTests.APIandWebhooksTestsPage" name="GenerateLabelOCRAPIKey" time="0.0">
    <ignored/>
  </testcase> <!-- GenerateLabelOCRAPIKey -->
</testsuite> <!-- GenerateAPIKey -->
