<?xml version="1.0" encoding="UTF-8"?>
<!-- Generated by org.testng.reporters.JUnitXMLReporter -->
<testsuite ignored="1" hostname="QA" failures="0" tests="1" name="GlobalSearch" time="69.845" errors="0" timestamp="2022-12-09T11:44:50 PKT">
  <testcase classname="SiteTestCases.AnalyticsTests.AnalyticsPageTests" name="GlobalSearch" time="68.311"/>
  <testcase classname="SiteTestCases.AnalyticsTests.AnalyticsPageTests" name="Analytics" time="0.0">
    <ignored/>
  </testcase> <!-- Analytics -->
</testsuite> <!-- GlobalSearch -->
