<?xml version="1.0" encoding="UTF-8"?>
<!-- Generated by org.testng.reporters.JUnitXMLReporter -->
<testsuite ignored="2" hostname="VX-LT-0082" failures="0" tests="1" name="PreviewCustomize" time="33.57" errors="0" timestamp="2022-10-13T10:59:42 PKT">
  <testcase classname="SiteTestCases.SettingsTests.WorkflowsTests.WorkflowsPageTests" name="PreviewCustomize" time="30.771"/>
  <testcase classname="SiteTestCases.SettingsTests.WorkflowsTests.WorkflowsPageTests" name="CustomizeTemplates" time="0.0">
    <ignored/>
  </testcase> <!-- CustomizeTemplates -->
  <testcase classname="SiteTestCases.SettingsTests.WorkflowsTests.WorkflowsPageTests" name="CreateNewWorkflow" time="0.0">
    <ignored/>
  </testcase> <!-- CreateNewWorkflow -->
</testsuite> <!-- PreviewCustomize -->
