<?xml version="1.0" encoding="UTF-8"?>
<!-- Generated by org.testng.reporters.JUnitXMLReporter -->
<testsuite ignored="0" hostname="VX-LT-0082" failures="1" tests="1" name="LoginViaMagicLink" time="3.289" errors="0" timestamp="2022-06-29T14:57:41 PKT">
  <testcase classname="SiteTestCases.ItemsTests.ItemsPageTests" name="ItemsSearch" time="0.003">
    <failure type="org.testng.internal.reflect.MethodMatcherException" message="
[public void SiteTestCases.ItemsTests.ItemsPageTests.ItemsSearch(java.lang.String,java.lang.String) throws java.lang.InterruptedException] has no parameters defined but was found to be using a data provider (either explicitly specified or inherited from class level annotation).
Data provider mismatch
Method: ItemsSearch([Parameter{index=0, type=java.lang.String, declaredAnnotations=[@org.testng.annotations.Optional(&amp;quot;null&amp;quot;)]}, Parameter{index=1, type=java.lang.String, declaredAnnotations=[]}])
Arguments: [(java.lang.String) https://qa.portal.packagex.xyz/login]">
      <![CDATA[org.testng.internal.reflect.MethodMatcherException: 
[public void SiteTestCases.ItemsTests.ItemsPageTests.ItemsSearch(java.lang.String,java.lang.String) throws java.lang.InterruptedException] has no parameters defined but was found to be using a data provider (either explicitly specified or inherited from class level annotation).
Data provider mismatch
Arguments: [(java.lang.String) https://qa.portal.packagex.xyz/login]
at java.base/java.util.ArrayList.forEach(ArrayList.java:1511)
... Removed 23 stack frames]]>
    </failure>
  </testcase> <!-- ItemsSearch -->
</testsuite> <!-- LoginViaMagicLink -->
