<?xml version="1.0" encoding="UTF-8"?>
<!-- Generated by org.testng.reporters.JUnitXMLReporter -->
<testsuite ignored="7" hostname="VX-LT-0082" failures="0" tests="1" name="AddNewManager" time="138.657" errors="0" timestamp="2022-06-30T11:09:22 PKT">
  <testcase classname="SiteTestCases.UsersTests.UsersPageTests" name="AddNewManagerUser" time="132.351"/>
  <testcase classname="SiteTestCases.UsersTests.UsersPageTests" name="AddNewAdminUserFiltersSorting" time="0.0">
    <ignored/>
  </testcase> <!-- AddNewAdminUserFiltersSorting -->
  <testcase classname="SiteTestCases.UsersTests.UsersPageTests" name="SuperAdminAddNewAdminUser" time="0.0">
    <ignored/>
  </testcase> <!-- SuperAdminAddNewAdminUser -->
  <testcase classname="SiteTestCases.UsersTests.UsersPageTests" name="SuperAdminAddNewOperatorUser" time="0.0">
    <ignored/>
  </testcase> <!-- SuperAdminAddNewOperatorUser -->
  <testcase classname="SiteTestCases.UsersTests.UsersPageTests" name="AddNewAdminUser" time="0.0">
    <ignored/>
  </testcase> <!-- AddNewAdminUser -->
  <testcase classname="SiteTestCases.UsersTests.UsersPageTests" name="AddNewOperatorUser" time="0.0">
    <ignored/>
  </testcase> <!-- AddNewOperatorUser -->
  <testcase classname="SiteTestCases.UsersTests.UsersPageTests" name="SuperAdminAddNewManagerUser" time="0.0">
    <ignored/>
  </testcase> <!-- SuperAdminAddNewManagerUser -->
  <testcase classname="SiteTestCases.UsersTests.UsersPageTests" name="DeleteUser" time="0.0">
    <ignored/>
  </testcase> <!-- DeleteUser -->
</testsuite> <!-- AddNewManager -->
