<?xml version="1.0" encoding="UTF-8"?>
<!-- Generated by org.testng.reporters.JUnitXMLReporter -->
<testsuite ignored="5" hostname="VX-LT-0082" failures="0" tests="1" name="AddNewAdmin" time="123.623" errors="0" timestamp="2022-05-18T11:26:50 PKT">
  <testcase classname="SiteTestCases.UsersTests.UsersPageTests" name="AddNewAdminUser" time="115.642"/>
  <testcase classname="SiteTestCases.UsersTests.UsersPageTests" name="AddNewAdminUserFiltersSorting" time="0.0">
    <ignored/>
  </testcase> <!-- AddNewAdminUserFiltersSorting -->
  <testcase classname="SiteTestCases.UsersTests.UsersPageTests" name="AddNewManagerUser" time="0.0">
    <ignored/>
  </testcase> <!-- AddNewManagerUser -->
  <testcase classname="SiteTestCases.UsersTests.UsersPageTests" name="AddNewOperatorUser" time="0.0">
    <ignored/>
  </testcase> <!-- AddNewOperatorUser -->
  <testcase classname="SiteTestCases.UsersTests.UsersPageTests" name="LoginSuperAdmin" time="0.0">
    <ignored/>
  </testcase> <!-- LoginSuperAdmin -->
  <testcase classname="SiteTestCases.UsersTests.UsersPageTests" name="DeleteUser" time="0.0">
    <ignored/>
  </testcase> <!-- DeleteUser -->
</testsuite> <!-- AddNewAdmin -->
