<?xml version="1.0" encoding="UTF-8"?>
<testng-results ignored="430" total="462" passed="32" failed="0" skipped="0">
  <reporter-output>
  </reporter-output>
  <suite started-at="2022-10-13T10:09:05 PKT" name="MailRoom2.Automation QA" finished-at="2022-10-13T11:02:02 PKT" duration-ms="3177087">
    <groups>
      <group name="Recipients">
        <method signature="RecipientsPageTests.AddNewRecipient(java.lang.String)[pri:0, instance:SiteTestCases.RecipientsTests.RecipientsPageTests@50378a4]" name="AddNewRecipient" class="SiteTestCases.RecipientsTests.RecipientsPageTests"/>
      </group> <!-- Recipients -->
      <group name="Workflows">
        <method signature="WorkflowsPageTests.CreateNewWorkflow(java.lang.String)[pri:0, instance:SiteTestCases.SettingsTests.WorkflowsTests.WorkflowsPageTests@5be1d0a4]" name="CreateNewWorkflow" class="SiteTestCases.SettingsTests.WorkflowsTests.WorkflowsPageTests"/>
        <method signature="WorkflowsPageTests.CustomizeTemplates(java.lang.String)[pri:0, instance:SiteTestCases.SettingsTests.WorkflowsTests.WorkflowsPageTests@15d49048]" name="CustomizeTemplates" class="SiteTestCases.SettingsTests.WorkflowsTests.WorkflowsPageTests"/>
        <method signature="WorkflowsPageTests.PreviewCustomize(java.lang.String)[pri:0, instance:SiteTestCases.SettingsTests.WorkflowsTests.WorkflowsPageTests@17503f6b]" name="PreviewCustomize" class="SiteTestCases.SettingsTests.WorkflowsTests.WorkflowsPageTests"/>
      </group> <!-- Workflows -->
      <group name="UploadCSV">
        <method signature="RecipientsPageTests.UploadCSVUPMerge(java.lang.String)[pri:0, instance:SiteTestCases.RecipientsTests.RecipientsPageTests@16150369]" name="UploadCSVUPMerge" class="SiteTestCases.RecipientsTests.RecipientsPageTests"/>
        <method signature="RecipientsPageTests.UploadCSVUPOverwrite(java.lang.String)[pri:0, instance:SiteTestCases.RecipientsTests.RecipientsPageTests@23f5b5dc]" name="UploadCSVUPOverwrite" class="SiteTestCases.RecipientsTests.RecipientsPageTests"/>
        <method signature="RecipientsPageTests.UploadCSVInvalidEmail(java.lang.String)[pri:0, instance:SiteTestCases.RecipientsTests.RecipientsPageTests@5db6b9cd]" name="UploadCSVInvalidEmail" class="SiteTestCases.RecipientsTests.RecipientsPageTests"/>
        <method signature="RecipientsPageTests.UploadCSVDuplicateEmail(java.lang.String)[pri:0, instance:SiteTestCases.RecipientsTests.RecipientsPageTests@1be2019a]" name="UploadCSVDuplicateEmail" class="SiteTestCases.RecipientsTests.RecipientsPageTests"/>
        <method signature="RecipientsPageTests.UploadCSVNameEmailMissing(java.lang.String)[pri:0, instance:SiteTestCases.RecipientsTests.RecipientsPageTests@2657d4dd]" name="UploadCSVNameEmailMissing" class="SiteTestCases.RecipientsTests.RecipientsPageTests"/>
        <method signature="RecipientsPageTests.UploadCSVEmailMissing(java.lang.String)[pri:0, instance:SiteTestCases.RecipientsTests.RecipientsPageTests@387a8303]" name="UploadCSVEmailMissing" class="SiteTestCases.RecipientsTests.RecipientsPageTests"/>
        <method signature="RecipientsPageTests.UploadCSVLongAdress(java.lang.String)[pri:0, instance:SiteTestCases.RecipientsTests.RecipientsPageTests@57db2b13]" name="UploadCSVLongAdress" class="SiteTestCases.RecipientsTests.RecipientsPageTests"/>
        <method signature="RecipientsPageTests.UploadCSVUpdateMerge(java.lang.String,java.lang.String)[pri:0, instance:SiteTestCases.RecipientsTests.RecipientsPageTests@1b919693]" name="UploadCSVUpdateMerge" class="SiteTestCases.RecipientsTests.RecipientsPageTests"/>
        <method signature="RecipientsPageTests.UploadCSVEditUploadMerge(java.lang.String,java.lang.String)[pri:0, instance:SiteTestCases.RecipientsTests.RecipientsPageTests@2584b82d]" name="UploadCSVEditUploadMerge" class="SiteTestCases.RecipientsTests.RecipientsPageTests"/>
        <method signature="RecipientsPageTests.UploadCSVUnitGroup(java.lang.String)[pri:0, instance:SiteTestCases.RecipientsTests.RecipientsPageTests@626abbd0]" name="UploadCSVUnitGroup" class="SiteTestCases.RecipientsTests.RecipientsPageTests"/>
      </group> <!-- UploadCSV -->
      <group name="MagicLink">
        <method signature="LoginPageTests.LoginViaMagicLink(java.lang.String)[pri:0, instance:SiteTestCases.LoginTests.LoginPageTests@71075444]" name="LoginViaMagicLink" class="SiteTestCases.LoginTests.LoginPageTests"/>
      </group> <!-- MagicLink -->
      <group name="Users">
        <method signature="UsersPageTests.AddNewAdminUser(java.lang.String)[pri:0, instance:SiteTestCases.UsersTests.UsersPageTests@2a8448fa]" name="AddNewAdminUser" class="SiteTestCases.UsersTests.UsersPageTests"/>
        <method signature="UsersPageTests.AddNewManagerUser(java.lang.String)[pri:0, instance:SiteTestCases.UsersTests.UsersPageTests@3ad83a66]" name="AddNewManagerUser" class="SiteTestCases.UsersTests.UsersPageTests"/>
        <method signature="UsersPageTests.AddNewOperatorUser(java.lang.String)[pri:0, instance:SiteTestCases.UsersTests.UsersPageTests@5b38c1ec]" name="AddNewOperatorUser" class="SiteTestCases.UsersTests.UsersPageTests"/>
        <method signature="UsersPageTests.AddNewAdminUserFiltersSorting(java.lang.String)[pri:0, instance:SiteTestCases.UsersTests.UsersPageTests@f1da57d]" name="AddNewAdminUserFiltersSorting" class="SiteTestCases.UsersTests.UsersPageTests"/>
      </group> <!-- Users -->
      <group name="Login">
        <method signature="LoginPageTests.LoginNegativeCase(java.lang.String)[pri:0, instance:SiteTestCases.LoginTests.LoginPageTests@5386659f]" name="LoginNegativeCase" class="SiteTestCases.LoginTests.LoginPageTests"/>
        <method signature="LoginPageTests.LoginViaMagicLink(java.lang.String)[pri:0, instance:SiteTestCases.LoginTests.LoginPageTests@71075444]" name="LoginViaMagicLink" class="SiteTestCases.LoginTests.LoginPageTests"/>
        <method signature="LoginPageTests.ForgotPassword(java.lang.String)[pri:0, instance:SiteTestCases.LoginTests.LoginPageTests@5c80cf32]" name="ForgotPassword" class="SiteTestCases.LoginTests.LoginPageTests"/>
      </group> <!-- Login -->
      <group name="ForgotPassword">
        <method signature="LoginPageTests.ForgotPassword(java.lang.String)[pri:0, instance:SiteTestCases.LoginTests.LoginPageTests@5c80cf32]" name="ForgotPassword" class="SiteTestCases.LoginTests.LoginPageTests"/>
      </group> <!-- ForgotPassword -->
      <group name="Analytics">
        <method signature="AnalyticsPageTests.Analytics(java.lang.String)[pri:0, instance:SiteTestCases.AnalyticsTests.AnalyticsPageTests@66ea810]" name="Analytics" class="SiteTestCases.AnalyticsTests.AnalyticsPageTests"/>
        <method signature="AnalyticsPageTests.GlobalSearch(java.lang.String)[pri:0, instance:SiteTestCases.AnalyticsTests.AnalyticsPageTests@2f953efd]" name="GlobalSearch" class="SiteTestCases.AnalyticsTests.AnalyticsPageTests"/>
      </group> <!-- Analytics -->
      <group name="PlanAndBilling">
        <method signature="PlanAndBillingPageTests.AddPaymentMethod(java.lang.String)[pri:0, instance:SiteTestCases.SettingsTests.PlanAndBillingTests.PlanAndBillingPageTests@23941fb4]" name="AddPaymentMethod" class="SiteTestCases.SettingsTests.PlanAndBillingTests.PlanAndBillingPageTests"/>
        <method signature="PlanAndBillingPageTests.EstimatedAnnualScans(java.lang.String)[pri:0, instance:SiteTestCases.SettingsTests.PlanAndBillingTests.PlanAndBillingPageTests@1f9f6368]" name="EstimatedAnnualScans" class="SiteTestCases.SettingsTests.PlanAndBillingTests.PlanAndBillingPageTests"/>
        <method signature="PlanAndBillingPageTests.UpgradePlan(java.lang.String)[pri:0, instance:SiteTestCases.SettingsTests.PlanAndBillingTests.PlanAndBillingPageTests@69ee81fc]" name="UpgradePlan" class="SiteTestCases.SettingsTests.PlanAndBillingTests.PlanAndBillingPageTests"/>
        <method signature="PlanAndBillingPageTests.PayWithCard_TC(java.lang.String)[pri:0, instance:SiteTestCases.SettingsTests.PlanAndBillingTests.PlanAndBillingPageTests@29f7cefd]" name="PayWithCard_TC" class="SiteTestCases.SettingsTests.PlanAndBillingTests.PlanAndBillingPageTests"/>
      </group> <!-- PlanAndBilling -->
      <group name="Groups">
        <method signature="RecipientsPageTests.AddNewGroup(java.lang.String)[pri:0, instance:SiteTestCases.RecipientsTests.RecipientsPageTests@7a6d7e92]" name="AddNewGroup" class="SiteTestCases.RecipientsTests.RecipientsPageTests"/>
      </group> <!-- Groups -->
      <group name="LoginNegativeTestCase">
        <method signature="LoginPageTests.LoginNegativeCase(java.lang.String)[pri:0, instance:SiteTestCases.LoginTests.LoginPageTests@5386659f]" name="LoginNegativeCase" class="SiteTestCases.LoginTests.LoginPageTests"/>
      </group> <!-- LoginNegativeTestCase -->
      <group name="SignIn">
        <method signature="CompanyManagementTestsPage.SignInOptions_EnableMagicLink(java.lang.String)[pri:0, instance:SiteTestCases.SettingsTests.CompanyManagementTests.CompanyManagementTestsPage@41330d4f]" name="SignInOptions_EnableMagicLink" class="SiteTestCases.SettingsTests.CompanyManagementTests.CompanyManagementTestsPage"/>
      </group> <!-- SignIn -->
      <group name="APIandWebhooks">
        <method signature="APIandWebhooksTestsPage.GenerateAPIKey(java.lang.String)[pri:0, instance:SiteTestCases.SettingsTests.APIandWebhooksTests.APIandWebhooksTestsPage@461ad730]" name="GenerateAPIKey" class="SiteTestCases.SettingsTests.APIandWebhooksTests.APIandWebhooksTestsPage"/>
        <method signature="APIandWebhooksTestsPage.GenerateLabelOCRAPIKey(java.lang.String)[pri:0, instance:SiteTestCases.SettingsTests.APIandWebhooksTests.APIandWebhooksTestsPage@3e78b6a5]" name="GenerateLabelOCRAPIKey" class="SiteTestCases.SettingsTests.APIandWebhooksTests.APIandWebhooksTestsPage"/>
        <method signature="APIandWebhooksTestsPage.CreateWebhooks(java.lang.String)[pri:0, instance:SiteTestCases.SettingsTests.APIandWebhooksTests.APIandWebhooksTestsPage@24105dc5]" name="CreateWebhooks" class="SiteTestCases.SettingsTests.APIandWebhooksTests.APIandWebhooksTestsPage"/>
      </group> <!-- APIandWebhooks -->
      <group name="Settings">
        <method signature="CompanyManagementTestsPage.SignInOptions_EnableMagicLink(java.lang.String)[pri:0, instance:SiteTestCases.SettingsTests.CompanyManagementTests.CompanyManagementTestsPage@41330d4f]" name="SignInOptions_EnableMagicLink" class="SiteTestCases.SettingsTests.CompanyManagementTests.CompanyManagementTestsPage"/>
        <method signature="PlanAndBillingPageTests.AddPaymentMethod(java.lang.String)[pri:0, instance:SiteTestCases.SettingsTests.PlanAndBillingTests.PlanAndBillingPageTests@23941fb4]" name="AddPaymentMethod" class="SiteTestCases.SettingsTests.PlanAndBillingTests.PlanAndBillingPageTests"/>
        <method signature="PlanAndBillingPageTests.EstimatedAnnualScans(java.lang.String)[pri:0, instance:SiteTestCases.SettingsTests.PlanAndBillingTests.PlanAndBillingPageTests@1f9f6368]" name="EstimatedAnnualScans" class="SiteTestCases.SettingsTests.PlanAndBillingTests.PlanAndBillingPageTests"/>
        <method signature="PlanAndBillingPageTests.UpgradePlan(java.lang.String)[pri:0, instance:SiteTestCases.SettingsTests.PlanAndBillingTests.PlanAndBillingPageTests@69ee81fc]" name="UpgradePlan" class="SiteTestCases.SettingsTests.PlanAndBillingTests.PlanAndBillingPageTests"/>
        <method signature="PlanAndBillingPageTests.PayWithCard_TC(java.lang.String)[pri:0, instance:SiteTestCases.SettingsTests.PlanAndBillingTests.PlanAndBillingPageTests@29f7cefd]" name="PayWithCard_TC" class="SiteTestCases.SettingsTests.PlanAndBillingTests.PlanAndBillingPageTests"/>
        <method signature="WorkflowsPageTests.CreateNewWorkflow(java.lang.String)[pri:0, instance:SiteTestCases.SettingsTests.WorkflowsTests.WorkflowsPageTests@5be1d0a4]" name="CreateNewWorkflow" class="SiteTestCases.SettingsTests.WorkflowsTests.WorkflowsPageTests"/>
        <method signature="WorkflowsPageTests.CustomizeTemplates(java.lang.String)[pri:0, instance:SiteTestCases.SettingsTests.WorkflowsTests.WorkflowsPageTests@15d49048]" name="CustomizeTemplates" class="SiteTestCases.SettingsTests.WorkflowsTests.WorkflowsPageTests"/>
        <method signature="WorkflowsPageTests.PreviewCustomize(java.lang.String)[pri:0, instance:SiteTestCases.SettingsTests.WorkflowsTests.WorkflowsPageTests@17503f6b]" name="PreviewCustomize" class="SiteTestCases.SettingsTests.WorkflowsTests.WorkflowsPageTests"/>
        <method signature="APIandWebhooksTestsPage.GenerateAPIKey(java.lang.String)[pri:0, instance:SiteTestCases.SettingsTests.APIandWebhooksTests.APIandWebhooksTestsPage@461ad730]" name="GenerateAPIKey" class="SiteTestCases.SettingsTests.APIandWebhooksTests.APIandWebhooksTestsPage"/>
        <method signature="APIandWebhooksTestsPage.GenerateLabelOCRAPIKey(java.lang.String)[pri:0, instance:SiteTestCases.SettingsTests.APIandWebhooksTests.APIandWebhooksTestsPage@3e78b6a5]" name="GenerateLabelOCRAPIKey" class="SiteTestCases.SettingsTests.APIandWebhooksTests.APIandWebhooksTestsPage"/>
        <method signature="APIandWebhooksTestsPage.CreateWebhooks(java.lang.String)[pri:0, instance:SiteTestCases.SettingsTests.APIandWebhooksTests.APIandWebhooksTestsPage@24105dc5]" name="CreateWebhooks" class="SiteTestCases.SettingsTests.APIandWebhooksTests.APIandWebhooksTestsPage"/>
      </group> <!-- Settings -->
    </groups>
    <test started-at="2022-10-13T10:09:05 PKT" name="LoginNegativeCase" finished-at="2022-10-13T10:09:32 PKT" duration-ms="27697">
      <class name="SiteTestCases.LoginTests.LoginPageTests">
        <test-method is-config="true" signature="initDriver(java.lang.String)[pri:0, instance:SiteTestCases.LoginTests.LoginPageTests@5386659f]" started-at="2022-10-13T10:09:05 PKT" name="initDriver" finished-at="2022-10-13T10:09:08 PKT" duration-ms="3728" status="PASS">
          <params>
            <param index="0">
              <value>
                <![CDATA[Chrome]]>
              </value>
            </param>
          </params>
          <reporter-output>
          </reporter-output>
        </test-method> <!-- initDriver -->
        <test-method is-config="true" signature="initPageObjectClass()[pri:0, instance:SiteTestCases.LoginTests.LoginPageTests@5386659f]" started-at="2022-10-13T10:09:08 PKT" name="initPageObjectClass" finished-at="2022-10-13T10:09:08 PKT" duration-ms="35" status="PASS">
          <reporter-output>
          </reporter-output>
        </test-method> <!-- initPageObjectClass -->
        <test-method is-config="true" signature="initPageObjectClass1()[pri:0, instance:SiteTestCases.LoginTests.LoginPageTests@5386659f]" started-at="2022-10-13T10:09:08 PKT" name="initPageObjectClass1" finished-at="2022-10-13T10:09:08 PKT" duration-ms="17" status="PASS">
          <reporter-output>
          </reporter-output>
        </test-method> <!-- initPageObjectClass1 -->
        <test-method is-config="true" signature="initPageObjectClass2()[pri:0, instance:SiteTestCases.LoginTests.LoginPageTests@5386659f]" started-at="2022-10-13T10:09:08 PKT" name="initPageObjectClass2" finished-at="2022-10-13T10:09:08 PKT" duration-ms="11" status="PASS">
          <reporter-output>
          </reporter-output>
        </test-method> <!-- initPageObjectClass2 -->
        <test-method signature="LoginNegativeCase(java.lang.String)[pri:0, instance:SiteTestCases.LoginTests.LoginPageTests@5386659f]" started-at="2022-10-13T10:09:08 PKT" name="LoginNegativeCase" finished-at="2022-10-13T10:09:31 PKT" duration-ms="23006" status="PASS">
          <params>
            <param index="0">
              <value>
                <![CDATA[https://qa.portal.packagex.xyz/login]]>
              </value>
            </param>
          </params>
          <reporter-output>
          </reporter-output>
        </test-method> <!-- LoginNegativeCase -->
        <test-method is-config="true" signature="tearDown(org.testng.ITestResult)[pri:0, instance:SiteTestCases.LoginTests.LoginPageTests@5386659f]" started-at="2022-10-13T10:09:31 PKT" name="tearDown" finished-at="2022-10-13T10:09:31 PKT" duration-ms="2" status="PASS">
          <params>
            <param index="0">
              <value>
                <![CDATA[[TestResult name=LoginNegativeCase status=SUCCESS method=LoginPageTests.LoginNegativeCase(java.lang.String)[pri:0, instance:SiteTestCases.LoginTests.LoginPageTests@5386659f] output={null}]]]>
              </value>
            </param>
          </params>
          <reporter-output>
          </reporter-output>
        </test-method> <!-- tearDown -->
        <test-method is-config="true" signature="closeDriver()[pri:0, instance:SiteTestCases.LoginTests.LoginPageTests@5386659f]" started-at="2022-10-13T10:09:31 PKT" name="closeDriver" finished-at="2022-10-13T10:09:32 PKT" duration-ms="851" status="PASS">
          <reporter-output>
          </reporter-output>
        </test-method> <!-- closeDriver -->
      </class> <!-- SiteTestCases.LoginTests.LoginPageTests -->
    </test> <!-- LoginNegativeCase -->
    <test started-at="2022-10-13T10:09:32 PKT" name="LoginViaMagicLink" finished-at="2022-10-13T10:10:03 PKT" duration-ms="30203">
      <class name="SiteTestCases.LoginTests.LoginPageTests">
        <test-method is-config="true" signature="initDriver(java.lang.String)[pri:0, instance:SiteTestCases.LoginTests.LoginPageTests@71075444]" started-at="2022-10-13T10:09:32 PKT" name="initDriver" finished-at="2022-10-13T10:09:34 PKT" duration-ms="1858" status="PASS">
          <params>
            <param index="0">
              <value>
                <![CDATA[Chrome]]>
              </value>
            </param>
          </params>
          <reporter-output>
          </reporter-output>
        </test-method> <!-- initDriver -->
        <test-method is-config="true" signature="initPageObjectClass()[pri:0, instance:SiteTestCases.LoginTests.LoginPageTests@71075444]" started-at="2022-10-13T10:09:34 PKT" name="initPageObjectClass" finished-at="2022-10-13T10:09:34 PKT" duration-ms="1" status="PASS">
          <reporter-output>
          </reporter-output>
        </test-method> <!-- initPageObjectClass -->
        <test-method is-config="true" signature="initPageObjectClass1()[pri:0, instance:SiteTestCases.LoginTests.LoginPageTests@71075444]" started-at="2022-10-13T10:09:34 PKT" name="initPageObjectClass1" finished-at="2022-10-13T10:09:34 PKT" duration-ms="2" status="PASS">
          <reporter-output>
          </reporter-output>
        </test-method> <!-- initPageObjectClass1 -->
        <test-method is-config="true" signature="initPageObjectClass2()[pri:0, instance:SiteTestCases.LoginTests.LoginPageTests@71075444]" started-at="2022-10-13T10:09:34 PKT" name="initPageObjectClass2" finished-at="2022-10-13T10:09:34 PKT" duration-ms="7" status="PASS">
          <reporter-output>
          </reporter-output>
        </test-method> <!-- initPageObjectClass2 -->
        <test-method signature="LoginViaMagicLink(java.lang.String)[pri:0, instance:SiteTestCases.LoginTests.LoginPageTests@71075444]" started-at="2022-10-13T10:09:34 PKT" name="LoginViaMagicLink" finished-at="2022-10-13T10:10:02 PKT" duration-ms="27465" status="PASS">
          <params>
            <param index="0">
              <value>
                <![CDATA[https://qa.portal.packagex.xyz/login]]>
              </value>
            </param>
          </params>
          <reporter-output>
          </reporter-output>
        </test-method> <!-- LoginViaMagicLink -->
        <test-method is-config="true" signature="tearDown(org.testng.ITestResult)[pri:0, instance:SiteTestCases.LoginTests.LoginPageTests@71075444]" started-at="2022-10-13T10:10:02 PKT" name="tearDown" finished-at="2022-10-13T10:10:02 PKT" duration-ms="1" status="PASS">
          <params>
            <param index="0">
              <value>
                <![CDATA[[TestResult name=LoginViaMagicLink status=SUCCESS method=LoginPageTests.LoginViaMagicLink(java.lang.String)[pri:0, instance:SiteTestCases.LoginTests.LoginPageTests@71075444] output={null}]]]>
              </value>
            </param>
          </params>
          <reporter-output>
          </reporter-output>
        </test-method> <!-- tearDown -->
        <test-method is-config="true" signature="closeDriver()[pri:0, instance:SiteTestCases.LoginTests.LoginPageTests@71075444]" started-at="2022-10-13T10:10:02 PKT" name="closeDriver" finished-at="2022-10-13T10:10:03 PKT" duration-ms="865" status="PASS">
          <reporter-output>
          </reporter-output>
        </test-method> <!-- closeDriver -->
      </class> <!-- SiteTestCases.LoginTests.LoginPageTests -->
    </test> <!-- LoginViaMagicLink -->
    <test started-at="2022-10-13T10:10:03 PKT" name="ForgotPassword" finished-at="2022-10-13T10:10:45 PKT" duration-ms="42146">
      <class name="SiteTestCases.LoginTests.LoginPageTests">
        <test-method is-config="true" signature="initDriver(java.lang.String)[pri:0, instance:SiteTestCases.LoginTests.LoginPageTests@5c80cf32]" started-at="2022-10-13T10:10:03 PKT" name="initDriver" finished-at="2022-10-13T10:10:04 PKT" duration-ms="1768" status="PASS">
          <params>
            <param index="0">
              <value>
                <![CDATA[Chrome]]>
              </value>
            </param>
          </params>
          <reporter-output>
          </reporter-output>
        </test-method> <!-- initDriver -->
        <test-method is-config="true" signature="initPageObjectClass()[pri:0, instance:SiteTestCases.LoginTests.LoginPageTests@5c80cf32]" started-at="2022-10-13T10:10:04 PKT" name="initPageObjectClass" finished-at="2022-10-13T10:10:04 PKT" duration-ms="1" status="PASS">
          <reporter-output>
          </reporter-output>
        </test-method> <!-- initPageObjectClass -->
        <test-method is-config="true" signature="initPageObjectClass1()[pri:0, instance:SiteTestCases.LoginTests.LoginPageTests@5c80cf32]" started-at="2022-10-13T10:10:04 PKT" name="initPageObjectClass1" finished-at="2022-10-13T10:10:04 PKT" duration-ms="2" status="PASS">
          <reporter-output>
          </reporter-output>
        </test-method> <!-- initPageObjectClass1 -->
        <test-method is-config="true" signature="initPageObjectClass2()[pri:0, instance:SiteTestCases.LoginTests.LoginPageTests@5c80cf32]" started-at="2022-10-13T10:10:04 PKT" name="initPageObjectClass2" finished-at="2022-10-13T10:10:04 PKT" duration-ms="3" status="PASS">
          <reporter-output>
          </reporter-output>
        </test-method> <!-- initPageObjectClass2 -->
        <test-method signature="ForgotPassword(java.lang.String)[pri:0, instance:SiteTestCases.LoginTests.LoginPageTests@5c80cf32]" started-at="2022-10-13T10:10:04 PKT" name="ForgotPassword" finished-at="2022-10-13T10:10:44 PKT" duration-ms="39459" status="PASS">
          <params>
            <param index="0">
              <value>
                <![CDATA[https://qa.portal.packagex.xyz/login]]>
              </value>
            </param>
          </params>
          <reporter-output>
          </reporter-output>
        </test-method> <!-- ForgotPassword -->
        <test-method is-config="true" signature="tearDown(org.testng.ITestResult)[pri:0, instance:SiteTestCases.LoginTests.LoginPageTests@5c80cf32]" started-at="2022-10-13T10:10:44 PKT" name="tearDown" finished-at="2022-10-13T10:10:44 PKT" duration-ms="1" status="PASS">
          <params>
            <param index="0">
              <value>
                <![CDATA[[TestResult name=ForgotPassword status=SUCCESS method=LoginPageTests.ForgotPassword(java.lang.String)[pri:0, instance:SiteTestCases.LoginTests.LoginPageTests@5c80cf32] output={null}]]]>
              </value>
            </param>
          </params>
          <reporter-output>
          </reporter-output>
        </test-method> <!-- tearDown -->
        <test-method is-config="true" signature="closeDriver()[pri:0, instance:SiteTestCases.LoginTests.LoginPageTests@5c80cf32]" started-at="2022-10-13T10:10:44 PKT" name="closeDriver" finished-at="2022-10-13T10:10:45 PKT" duration-ms="910" status="PASS">
          <reporter-output>
          </reporter-output>
        </test-method> <!-- closeDriver -->
      </class> <!-- SiteTestCases.LoginTests.LoginPageTests -->
    </test> <!-- ForgotPassword -->
    <test started-at="2022-10-13T10:10:45 PKT" name="AddNewAdmin" finished-at="2022-10-13T10:13:44 PKT" duration-ms="179550">
      <class name="SiteTestCases.UsersTests.UsersPageTests">
        <test-method is-config="true" signature="initDriver(java.lang.String)[pri:0, instance:SiteTestCases.UsersTests.UsersPageTests@2a8448fa]" started-at="2022-10-13T10:10:45 PKT" name="initDriver" finished-at="2022-10-13T10:10:46 PKT" duration-ms="1704" status="PASS">
          <params>
            <param index="0">
              <value>
                <![CDATA[Chrome]]>
              </value>
            </param>
          </params>
          <reporter-output>
          </reporter-output>
        </test-method> <!-- initDriver -->
        <test-method is-config="true" signature="initPageObjectClass()[pri:0, instance:SiteTestCases.UsersTests.UsersPageTests@2a8448fa]" started-at="2022-10-13T10:10:46 PKT" name="initPageObjectClass" finished-at="2022-10-13T10:10:46 PKT" duration-ms="2" status="PASS">
          <reporter-output>
          </reporter-output>
        </test-method> <!-- initPageObjectClass -->
        <test-method is-config="true" signature="initPageObjectClass1()[pri:0, instance:SiteTestCases.UsersTests.UsersPageTests@2a8448fa]" started-at="2022-10-13T10:10:46 PKT" name="initPageObjectClass1" finished-at="2022-10-13T10:10:46 PKT" duration-ms="4" status="PASS">
          <reporter-output>
          </reporter-output>
        </test-method> <!-- initPageObjectClass1 -->
        <test-method is-config="true" signature="initPageObjectClass2()[pri:0, instance:SiteTestCases.UsersTests.UsersPageTests@2a8448fa]" started-at="2022-10-13T10:10:46 PKT" name="initPageObjectClass2" finished-at="2022-10-13T10:10:46 PKT" duration-ms="2" status="PASS">
          <reporter-output>
          </reporter-output>
        </test-method> <!-- initPageObjectClass2 -->
        <test-method is-config="true" signature="initPageObjectClass3()[pri:0, instance:SiteTestCases.UsersTests.UsersPageTests@2a8448fa]" started-at="2022-10-13T10:10:46 PKT" name="initPageObjectClass3" finished-at="2022-10-13T10:10:46 PKT" duration-ms="18" status="PASS">
          <reporter-output>
          </reporter-output>
        </test-method> <!-- initPageObjectClass3 -->
        <test-method is-config="true" signature="initPageObjectClass4()[pri:0, instance:SiteTestCases.UsersTests.UsersPageTests@2a8448fa]" started-at="2022-10-13T10:10:46 PKT" name="initPageObjectClass4" finished-at="2022-10-13T10:10:47 PKT" duration-ms="83" status="PASS">
          <reporter-output>
          </reporter-output>
        </test-method> <!-- initPageObjectClass4 -->
        <test-method signature="AddNewAdminUser(java.lang.String)[pri:0, instance:SiteTestCases.UsersTests.UsersPageTests@2a8448fa]" started-at="2022-10-13T10:10:47 PKT" name="AddNewAdminUser" finished-at="2022-10-13T10:13:43 PKT" duration-ms="176747" status="PASS">
          <params>
            <param index="0">
              <value>
                <![CDATA[https://qa.portal.packagex.xyz/login]]>
              </value>
            </param>
          </params>
          <reporter-output>
          </reporter-output>
        </test-method> <!-- AddNewAdminUser -->
        <test-method is-config="true" signature="tearDown(org.testng.ITestResult)[pri:0, instance:SiteTestCases.UsersTests.UsersPageTests@2a8448fa]" started-at="2022-10-13T10:13:43 PKT" name="tearDown" finished-at="2022-10-13T10:13:43 PKT" duration-ms="0" status="PASS">
          <params>
            <param index="0">
              <value>
                <![CDATA[[TestResult name=AddNewAdminUser status=SUCCESS method=UsersPageTests.AddNewAdminUser(java.lang.String)[pri:0, instance:SiteTestCases.UsersTests.UsersPageTests@2a8448fa] output={null}]]]>
              </value>
            </param>
          </params>
          <reporter-output>
          </reporter-output>
        </test-method> <!-- tearDown -->
        <test-method is-config="true" signature="closeDriver()[pri:0, instance:SiteTestCases.UsersTests.UsersPageTests@2a8448fa]" started-at="2022-10-13T10:13:43 PKT" name="closeDriver" finished-at="2022-10-13T10:13:44 PKT" duration-ms="987" status="PASS">
          <reporter-output>
          </reporter-output>
        </test-method> <!-- closeDriver -->
      </class> <!-- SiteTestCases.UsersTests.UsersPageTests -->
    </test> <!-- AddNewAdmin -->
    <test started-at="2022-10-13T10:13:44 PKT" name="AddNewManager" finished-at="2022-10-13T10:19:00 PKT" duration-ms="316200">
      <class name="SiteTestCases.UsersTests.UsersPageTests">
        <test-method is-config="true" signature="initDriver(java.lang.String)[pri:0, instance:SiteTestCases.UsersTests.UsersPageTests@3ad83a66]" started-at="2022-10-13T10:13:44 PKT" name="initDriver" finished-at="2022-10-13T10:13:46 PKT" duration-ms="1999" status="PASS">
          <params>
            <param index="0">
              <value>
                <![CDATA[Chrome]]>
              </value>
            </param>
          </params>
          <reporter-output>
          </reporter-output>
        </test-method> <!-- initDriver -->
        <test-method is-config="true" signature="initPageObjectClass()[pri:0, instance:SiteTestCases.UsersTests.UsersPageTests@3ad83a66]" started-at="2022-10-13T10:13:46 PKT" name="initPageObjectClass" finished-at="2022-10-13T10:13:46 PKT" duration-ms="0" status="PASS">
          <reporter-output>
          </reporter-output>
        </test-method> <!-- initPageObjectClass -->
        <test-method is-config="true" signature="initPageObjectClass1()[pri:0, instance:SiteTestCases.UsersTests.UsersPageTests@3ad83a66]" started-at="2022-10-13T10:13:46 PKT" name="initPageObjectClass1" finished-at="2022-10-13T10:13:46 PKT" duration-ms="2" status="PASS">
          <reporter-output>
          </reporter-output>
        </test-method> <!-- initPageObjectClass1 -->
        <test-method is-config="true" signature="initPageObjectClass2()[pri:0, instance:SiteTestCases.UsersTests.UsersPageTests@3ad83a66]" started-at="2022-10-13T10:13:46 PKT" name="initPageObjectClass2" finished-at="2022-10-13T10:13:46 PKT" duration-ms="2" status="PASS">
          <reporter-output>
          </reporter-output>
        </test-method> <!-- initPageObjectClass2 -->
        <test-method is-config="true" signature="initPageObjectClass3()[pri:0, instance:SiteTestCases.UsersTests.UsersPageTests@3ad83a66]" started-at="2022-10-13T10:13:46 PKT" name="initPageObjectClass3" finished-at="2022-10-13T10:13:46 PKT" duration-ms="3" status="PASS">
          <reporter-output>
          </reporter-output>
        </test-method> <!-- initPageObjectClass3 -->
        <test-method is-config="true" signature="initPageObjectClass4()[pri:0, instance:SiteTestCases.UsersTests.UsersPageTests@3ad83a66]" started-at="2022-10-13T10:13:46 PKT" name="initPageObjectClass4" finished-at="2022-10-13T10:13:46 PKT" duration-ms="3" status="PASS">
          <reporter-output>
          </reporter-output>
        </test-method> <!-- initPageObjectClass4 -->
        <test-method signature="AddNewManagerUser(java.lang.String)[pri:0, instance:SiteTestCases.UsersTests.UsersPageTests@3ad83a66]" started-at="2022-10-13T10:13:46 PKT" name="AddNewManagerUser" finished-at="2022-10-13T10:18:59 PKT" duration-ms="313041" status="PASS">
          <params>
            <param index="0">
              <value>
                <![CDATA[https://qa.portal.packagex.xyz/login]]>
              </value>
            </param>
          </params>
          <reporter-output>
          </reporter-output>
        </test-method> <!-- AddNewManagerUser -->
        <test-method is-config="true" signature="tearDown(org.testng.ITestResult)[pri:0, instance:SiteTestCases.UsersTests.UsersPageTests@3ad83a66]" started-at="2022-10-13T10:18:59 PKT" name="tearDown" finished-at="2022-10-13T10:18:59 PKT" duration-ms="0" status="PASS">
          <params>
            <param index="0">
              <value>
                <![CDATA[[TestResult name=AddNewManagerUser status=SUCCESS method=UsersPageTests.AddNewManagerUser(java.lang.String)[pri:0, instance:SiteTestCases.UsersTests.UsersPageTests@3ad83a66] output={null}]]]>
              </value>
            </param>
          </params>
          <reporter-output>
          </reporter-output>
        </test-method> <!-- tearDown -->
        <test-method is-config="true" signature="closeDriver()[pri:0, instance:SiteTestCases.UsersTests.UsersPageTests@3ad83a66]" started-at="2022-10-13T10:18:59 PKT" name="closeDriver" finished-at="2022-10-13T10:19:00 PKT" duration-ms="1146" status="PASS">
          <reporter-output>
          </reporter-output>
        </test-method> <!-- closeDriver -->
      </class> <!-- SiteTestCases.UsersTests.UsersPageTests -->
    </test> <!-- AddNewManager -->
    <test started-at="2022-10-13T10:19:00 PKT" name="AddNewOperator" finished-at="2022-10-13T10:23:15 PKT" duration-ms="254356">
      <class name="SiteTestCases.UsersTests.UsersPageTests">
        <test-method is-config="true" signature="initDriver(java.lang.String)[pri:0, instance:SiteTestCases.UsersTests.UsersPageTests@5b38c1ec]" started-at="2022-10-13T10:19:00 PKT" name="initDriver" finished-at="2022-10-13T10:19:02 PKT" duration-ms="1725" status="PASS">
          <params>
            <param index="0">
              <value>
                <![CDATA[Chrome]]>
              </value>
            </param>
          </params>
          <reporter-output>
          </reporter-output>
        </test-method> <!-- initDriver -->
        <test-method is-config="true" signature="initPageObjectClass()[pri:0, instance:SiteTestCases.UsersTests.UsersPageTests@5b38c1ec]" started-at="2022-10-13T10:19:02 PKT" name="initPageObjectClass" finished-at="2022-10-13T10:19:02 PKT" duration-ms="1" status="PASS">
          <reporter-output>
          </reporter-output>
        </test-method> <!-- initPageObjectClass -->
        <test-method is-config="true" signature="initPageObjectClass1()[pri:0, instance:SiteTestCases.UsersTests.UsersPageTests@5b38c1ec]" started-at="2022-10-13T10:19:02 PKT" name="initPageObjectClass1" finished-at="2022-10-13T10:19:02 PKT" duration-ms="0" status="PASS">
          <reporter-output>
          </reporter-output>
        </test-method> <!-- initPageObjectClass1 -->
        <test-method is-config="true" signature="initPageObjectClass2()[pri:0, instance:SiteTestCases.UsersTests.UsersPageTests@5b38c1ec]" started-at="2022-10-13T10:19:02 PKT" name="initPageObjectClass2" finished-at="2022-10-13T10:19:02 PKT" duration-ms="1" status="PASS">
          <reporter-output>
          </reporter-output>
        </test-method> <!-- initPageObjectClass2 -->
        <test-method is-config="true" signature="initPageObjectClass3()[pri:0, instance:SiteTestCases.UsersTests.UsersPageTests@5b38c1ec]" started-at="2022-10-13T10:19:02 PKT" name="initPageObjectClass3" finished-at="2022-10-13T10:19:02 PKT" duration-ms="3" status="PASS">
          <reporter-output>
          </reporter-output>
        </test-method> <!-- initPageObjectClass3 -->
        <test-method is-config="true" signature="initPageObjectClass4()[pri:0, instance:SiteTestCases.UsersTests.UsersPageTests@5b38c1ec]" started-at="2022-10-13T10:19:02 PKT" name="initPageObjectClass4" finished-at="2022-10-13T10:19:02 PKT" duration-ms="1" status="PASS">
          <reporter-output>
          </reporter-output>
        </test-method> <!-- initPageObjectClass4 -->
        <test-method signature="AddNewOperatorUser(java.lang.String)[pri:0, instance:SiteTestCases.UsersTests.UsersPageTests@5b38c1ec]" started-at="2022-10-13T10:19:02 PKT" name="AddNewOperatorUser" finished-at="2022-10-13T10:23:14 PKT" duration-ms="251784" status="PASS">
          <params>
            <param index="0">
              <value>
                <![CDATA[https://qa.portal.packagex.xyz/login]]>
              </value>
            </param>
          </params>
          <reporter-output>
          </reporter-output>
        </test-method> <!-- AddNewOperatorUser -->
        <test-method is-config="true" signature="closeDriver()[pri:0, instance:SiteTestCases.UsersTests.UsersPageTests@5b38c1ec]" started-at="2022-10-13T10:23:14 PKT" name="closeDriver" finished-at="2022-10-13T10:23:15 PKT" duration-ms="835" status="PASS">
          <reporter-output>
          </reporter-output>
        </test-method> <!-- closeDriver -->
        <test-method is-config="true" signature="tearDown(org.testng.ITestResult)[pri:0, instance:SiteTestCases.UsersTests.UsersPageTests@5b38c1ec]" started-at="2022-10-13T10:23:14 PKT" name="tearDown" finished-at="2022-10-13T10:23:14 PKT" duration-ms="0" status="PASS">
          <params>
            <param index="0">
              <value>
                <![CDATA[[TestResult name=AddNewOperatorUser status=SUCCESS method=UsersPageTests.AddNewOperatorUser(java.lang.String)[pri:0, instance:SiteTestCases.UsersTests.UsersPageTests@5b38c1ec] output={null}]]]>
              </value>
            </param>
          </params>
          <reporter-output>
          </reporter-output>
        </test-method> <!-- tearDown -->
      </class> <!-- SiteTestCases.UsersTests.UsersPageTests -->
    </test> <!-- AddNewOperator -->
    <test started-at="2022-10-13T10:23:15 PKT" name="AddNewAdminUserFiltersSorting" finished-at="2022-10-13T10:26:18 PKT" duration-ms="183275">
      <class name="SiteTestCases.UsersTests.UsersPageTests">
        <test-method is-config="true" signature="initDriver(java.lang.String)[pri:0, instance:SiteTestCases.UsersTests.UsersPageTests@f1da57d]" started-at="2022-10-13T10:23:15 PKT" name="initDriver" finished-at="2022-10-13T10:23:17 PKT" duration-ms="1717" status="PASS">
          <params>
            <param index="0">
              <value>
                <![CDATA[Chrome]]>
              </value>
            </param>
          </params>
          <reporter-output>
          </reporter-output>
        </test-method> <!-- initDriver -->
        <test-method is-config="true" signature="initPageObjectClass()[pri:0, instance:SiteTestCases.UsersTests.UsersPageTests@f1da57d]" started-at="2022-10-13T10:23:17 PKT" name="initPageObjectClass" finished-at="2022-10-13T10:23:17 PKT" duration-ms="1" status="PASS">
          <reporter-output>
          </reporter-output>
        </test-method> <!-- initPageObjectClass -->
        <test-method is-config="true" signature="initPageObjectClass1()[pri:0, instance:SiteTestCases.UsersTests.UsersPageTests@f1da57d]" started-at="2022-10-13T10:23:17 PKT" name="initPageObjectClass1" finished-at="2022-10-13T10:23:17 PKT" duration-ms="1" status="PASS">
          <reporter-output>
          </reporter-output>
        </test-method> <!-- initPageObjectClass1 -->
        <test-method is-config="true" signature="initPageObjectClass2()[pri:0, instance:SiteTestCases.UsersTests.UsersPageTests@f1da57d]" started-at="2022-10-13T10:23:17 PKT" name="initPageObjectClass2" finished-at="2022-10-13T10:23:17 PKT" duration-ms="2" status="PASS">
          <reporter-output>
          </reporter-output>
        </test-method> <!-- initPageObjectClass2 -->
        <test-method is-config="true" signature="initPageObjectClass3()[pri:0, instance:SiteTestCases.UsersTests.UsersPageTests@f1da57d]" started-at="2022-10-13T10:23:17 PKT" name="initPageObjectClass3" finished-at="2022-10-13T10:23:17 PKT" duration-ms="6" status="PASS">
          <reporter-output>
          </reporter-output>
        </test-method> <!-- initPageObjectClass3 -->
        <test-method is-config="true" signature="initPageObjectClass4()[pri:0, instance:SiteTestCases.UsersTests.UsersPageTests@f1da57d]" started-at="2022-10-13T10:23:17 PKT" name="initPageObjectClass4" finished-at="2022-10-13T10:23:17 PKT" duration-ms="3" status="PASS">
          <reporter-output>
          </reporter-output>
        </test-method> <!-- initPageObjectClass4 -->
        <test-method signature="AddNewAdminUserFiltersSorting(java.lang.String)[pri:0, instance:SiteTestCases.UsersTests.UsersPageTests@f1da57d]" started-at="2022-10-13T10:23:17 PKT" name="AddNewAdminUserFiltersSorting" finished-at="2022-10-13T10:26:17 PKT" duration-ms="180647" status="PASS">
          <params>
            <param index="0">
              <value>
                <![CDATA[https://qa.portal.packagex.xyz/login]]>
              </value>
            </param>
          </params>
          <reporter-output>
          </reporter-output>
        </test-method> <!-- AddNewAdminUserFiltersSorting -->
        <test-method is-config="true" signature="tearDown(org.testng.ITestResult)[pri:0, instance:SiteTestCases.UsersTests.UsersPageTests@f1da57d]" started-at="2022-10-13T10:26:17 PKT" name="tearDown" finished-at="2022-10-13T10:26:17 PKT" duration-ms="1" status="PASS">
          <params>
            <param index="0">
              <value>
                <![CDATA[[TestResult name=AddNewAdminUserFiltersSorting status=SUCCESS method=UsersPageTests.AddNewAdminUserFiltersSorting(java.lang.String)[pri:0, instance:SiteTestCases.UsersTests.UsersPageTests@f1da57d] output={null}]]]>
              </value>
            </param>
          </params>
          <reporter-output>
          </reporter-output>
        </test-method> <!-- tearDown -->
        <test-method is-config="true" signature="closeDriver()[pri:0, instance:SiteTestCases.UsersTests.UsersPageTests@f1da57d]" started-at="2022-10-13T10:26:17 PKT" name="closeDriver" finished-at="2022-10-13T10:26:18 PKT" duration-ms="894" status="PASS">
          <reporter-output>
          </reporter-output>
        </test-method> <!-- closeDriver -->
      </class> <!-- SiteTestCases.UsersTests.UsersPageTests -->
    </test> <!-- AddNewAdminUserFiltersSorting -->
    <test started-at="2022-10-13T10:26:18 PKT" name="AddNewRecipient" finished-at="2022-10-13T10:30:13 PKT" duration-ms="234976">
      <class name="SiteTestCases.RecipientsTests.RecipientsPageTests">
        <test-method is-config="true" signature="initDriver(java.lang.String)[pri:0, instance:SiteTestCases.RecipientsTests.RecipientsPageTests@50378a4]" started-at="2022-10-13T10:26:18 PKT" name="initDriver" finished-at="2022-10-13T10:26:20 PKT" duration-ms="1746" status="PASS">
          <params>
            <param index="0">
              <value>
                <![CDATA[Chrome]]>
              </value>
            </param>
          </params>
          <reporter-output>
          </reporter-output>
        </test-method> <!-- initDriver -->
        <test-method is-config="true" signature="initPageObjectClass()[pri:0, instance:SiteTestCases.RecipientsTests.RecipientsPageTests@50378a4]" started-at="2022-10-13T10:26:20 PKT" name="initPageObjectClass" finished-at="2022-10-13T10:26:20 PKT" duration-ms="1" status="PASS">
          <reporter-output>
          </reporter-output>
        </test-method> <!-- initPageObjectClass -->
        <test-method is-config="true" signature="initPageObjectClass1()[pri:0, instance:SiteTestCases.RecipientsTests.RecipientsPageTests@50378a4]" started-at="2022-10-13T10:26:20 PKT" name="initPageObjectClass1" finished-at="2022-10-13T10:26:20 PKT" duration-ms="1" status="PASS">
          <reporter-output>
          </reporter-output>
        </test-method> <!-- initPageObjectClass1 -->
        <test-method is-config="true" signature="initPageObjectClass2()[pri:0, instance:SiteTestCases.RecipientsTests.RecipientsPageTests@50378a4]" started-at="2022-10-13T10:26:20 PKT" name="initPageObjectClass2" finished-at="2022-10-13T10:26:20 PKT" duration-ms="3" status="PASS">
          <reporter-output>
          </reporter-output>
        </test-method> <!-- initPageObjectClass2 -->
        <test-method is-config="true" signature="initPageObjectClass3()[pri:0, instance:SiteTestCases.RecipientsTests.RecipientsPageTests@50378a4]" started-at="2022-10-13T10:26:20 PKT" name="initPageObjectClass3" finished-at="2022-10-13T10:26:20 PKT" duration-ms="4" status="PASS">
          <reporter-output>
          </reporter-output>
        </test-method> <!-- initPageObjectClass3 -->
        <test-method is-config="true" signature="initPageObjectClass4()[pri:0, instance:SiteTestCases.RecipientsTests.RecipientsPageTests@50378a4]" started-at="2022-10-13T10:26:20 PKT" name="initPageObjectClass4" finished-at="2022-10-13T10:26:20 PKT" duration-ms="2" status="PASS">
          <reporter-output>
          </reporter-output>
        </test-method> <!-- initPageObjectClass4 -->
        <test-method signature="AddNewRecipient(java.lang.String)[pri:0, instance:SiteTestCases.RecipientsTests.RecipientsPageTests@50378a4]" started-at="2022-10-13T10:26:20 PKT" name="AddNewRecipient" finished-at="2022-10-13T10:30:12 PKT" duration-ms="232177" status="PASS">
          <params>
            <param index="0">
              <value>
                <![CDATA[https://qa.portal.packagex.xyz/login]]>
              </value>
            </param>
          </params>
          <reporter-output>
          </reporter-output>
        </test-method> <!-- AddNewRecipient -->
        <test-method is-config="true" signature="tearDown(org.testng.ITestResult)[pri:0, instance:SiteTestCases.RecipientsTests.RecipientsPageTests@50378a4]" started-at="2022-10-13T10:30:12 PKT" name="tearDown" finished-at="2022-10-13T10:30:12 PKT" duration-ms="2" status="PASS">
          <params>
            <param index="0">
              <value>
                <![CDATA[[TestResult name=AddNewRecipient status=SUCCESS method=RecipientsPageTests.AddNewRecipient(java.lang.String)[pri:0, instance:SiteTestCases.RecipientsTests.RecipientsPageTests@50378a4] output={null}]]]>
              </value>
            </param>
          </params>
          <reporter-output>
          </reporter-output>
        </test-method> <!-- tearDown -->
        <test-method is-config="true" signature="closeDriver()[pri:0, instance:SiteTestCases.RecipientsTests.RecipientsPageTests@50378a4]" started-at="2022-10-13T10:30:12 PKT" name="closeDriver" finished-at="2022-10-13T10:30:13 PKT" duration-ms="1036" status="PASS">
          <reporter-output>
          </reporter-output>
        </test-method> <!-- closeDriver -->
      </class> <!-- SiteTestCases.RecipientsTests.RecipientsPageTests -->
    </test> <!-- AddNewRecipient -->
    <test started-at="2022-10-13T10:30:13 PKT" name="AddNewGroup" finished-at="2022-10-13T10:33:08 PKT" duration-ms="175302">
      <class name="SiteTestCases.RecipientsTests.RecipientsPageTests">
        <test-method is-config="true" signature="initDriver(java.lang.String)[pri:0, instance:SiteTestCases.RecipientsTests.RecipientsPageTests@7a6d7e92]" started-at="2022-10-13T10:30:13 PKT" name="initDriver" finished-at="2022-10-13T10:30:15 PKT" duration-ms="2128" status="PASS">
          <params>
            <param index="0">
              <value>
                <![CDATA[Chrome]]>
              </value>
            </param>
          </params>
          <reporter-output>
          </reporter-output>
        </test-method> <!-- initDriver -->
        <test-method is-config="true" signature="initPageObjectClass1()[pri:0, instance:SiteTestCases.RecipientsTests.RecipientsPageTests@7a6d7e92]" started-at="2022-10-13T10:30:15 PKT" name="initPageObjectClass1" finished-at="2022-10-13T10:30:15 PKT" duration-ms="1" status="PASS">
          <reporter-output>
          </reporter-output>
        </test-method> <!-- initPageObjectClass1 -->
        <test-method is-config="true" signature="initPageObjectClass()[pri:0, instance:SiteTestCases.RecipientsTests.RecipientsPageTests@7a6d7e92]" started-at="2022-10-13T10:30:15 PKT" name="initPageObjectClass" finished-at="2022-10-13T10:30:15 PKT" duration-ms="0" status="PASS">
          <reporter-output>
          </reporter-output>
        </test-method> <!-- initPageObjectClass -->
        <test-method is-config="true" signature="initPageObjectClass2()[pri:0, instance:SiteTestCases.RecipientsTests.RecipientsPageTests@7a6d7e92]" started-at="2022-10-13T10:30:15 PKT" name="initPageObjectClass2" finished-at="2022-10-13T10:30:15 PKT" duration-ms="3" status="PASS">
          <reporter-output>
          </reporter-output>
        </test-method> <!-- initPageObjectClass2 -->
        <test-method is-config="true" signature="initPageObjectClass3()[pri:0, instance:SiteTestCases.RecipientsTests.RecipientsPageTests@7a6d7e92]" started-at="2022-10-13T10:30:15 PKT" name="initPageObjectClass3" finished-at="2022-10-13T10:30:15 PKT" duration-ms="2" status="PASS">
          <reporter-output>
          </reporter-output>
        </test-method> <!-- initPageObjectClass3 -->
        <test-method is-config="true" signature="initPageObjectClass4()[pri:0, instance:SiteTestCases.RecipientsTests.RecipientsPageTests@7a6d7e92]" started-at="2022-10-13T10:30:15 PKT" name="initPageObjectClass4" finished-at="2022-10-13T10:30:15 PKT" duration-ms="2" status="PASS">
          <reporter-output>
          </reporter-output>
        </test-method> <!-- initPageObjectClass4 -->
        <test-method signature="AddNewGroup(java.lang.String)[pri:0, instance:SiteTestCases.RecipientsTests.RecipientsPageTests@7a6d7e92]" started-at="2022-10-13T10:30:15 PKT" name="AddNewGroup" finished-at="2022-10-13T10:33:08 PKT" duration-ms="172305" status="PASS">
          <params>
            <param index="0">
              <value>
                <![CDATA[https://qa.portal.packagex.xyz/login]]>
              </value>
            </param>
          </params>
          <reporter-output>
          </reporter-output>
        </test-method> <!-- AddNewGroup -->
        <test-method is-config="true" signature="closeDriver()[pri:0, instance:SiteTestCases.RecipientsTests.RecipientsPageTests@7a6d7e92]" started-at="2022-10-13T10:33:08 PKT" name="closeDriver" finished-at="2022-10-13T10:33:08 PKT" duration-ms="859" status="PASS">
          <reporter-output>
          </reporter-output>
        </test-method> <!-- closeDriver -->
        <test-method is-config="true" signature="tearDown(org.testng.ITestResult)[pri:0, instance:SiteTestCases.RecipientsTests.RecipientsPageTests@7a6d7e92]" started-at="2022-10-13T10:33:08 PKT" name="tearDown" finished-at="2022-10-13T10:33:08 PKT" duration-ms="0" status="PASS">
          <params>
            <param index="0">
              <value>
                <![CDATA[[TestResult name=AddNewGroup status=SUCCESS method=RecipientsPageTests.AddNewGroup(java.lang.String)[pri:0, instance:SiteTestCases.RecipientsTests.RecipientsPageTests@7a6d7e92] output={null}]]]>
              </value>
            </param>
          </params>
          <reporter-output>
          </reporter-output>
        </test-method> <!-- tearDown -->
      </class> <!-- SiteTestCases.RecipientsTests.RecipientsPageTests -->
    </test> <!-- AddNewGroup -->
    <test started-at="2022-10-13T10:33:08 PKT" name="UploadCSVUPMerge" finished-at="2022-10-13T10:34:41 PKT" duration-ms="92267">
      <class name="SiteTestCases.RecipientsTests.RecipientsPageTests">
        <test-method is-config="true" signature="initDriver(java.lang.String)[pri:0, instance:SiteTestCases.RecipientsTests.RecipientsPageTests@16150369]" started-at="2022-10-13T10:33:08 PKT" name="initDriver" finished-at="2022-10-13T10:33:10 PKT" duration-ms="1694" status="PASS">
          <params>
            <param index="0">
              <value>
                <![CDATA[Chrome]]>
              </value>
            </param>
          </params>
          <reporter-output>
          </reporter-output>
        </test-method> <!-- initDriver -->
        <test-method is-config="true" signature="initPageObjectClass()[pri:0, instance:SiteTestCases.RecipientsTests.RecipientsPageTests@16150369]" started-at="2022-10-13T10:33:10 PKT" name="initPageObjectClass" finished-at="2022-10-13T10:33:10 PKT" duration-ms="1" status="PASS">
          <reporter-output>
          </reporter-output>
        </test-method> <!-- initPageObjectClass -->
        <test-method is-config="true" signature="initPageObjectClass1()[pri:0, instance:SiteTestCases.RecipientsTests.RecipientsPageTests@16150369]" started-at="2022-10-13T10:33:10 PKT" name="initPageObjectClass1" finished-at="2022-10-13T10:33:10 PKT" duration-ms="2" status="PASS">
          <reporter-output>
          </reporter-output>
        </test-method> <!-- initPageObjectClass1 -->
        <test-method is-config="true" signature="initPageObjectClass2()[pri:0, instance:SiteTestCases.RecipientsTests.RecipientsPageTests@16150369]" started-at="2022-10-13T10:33:10 PKT" name="initPageObjectClass2" finished-at="2022-10-13T10:33:10 PKT" duration-ms="4" status="PASS">
          <reporter-output>
          </reporter-output>
        </test-method> <!-- initPageObjectClass2 -->
        <test-method is-config="true" signature="initPageObjectClass3()[pri:0, instance:SiteTestCases.RecipientsTests.RecipientsPageTests@16150369]" started-at="2022-10-13T10:33:10 PKT" name="initPageObjectClass3" finished-at="2022-10-13T10:33:10 PKT" duration-ms="2" status="PASS">
          <reporter-output>
          </reporter-output>
        </test-method> <!-- initPageObjectClass3 -->
        <test-method is-config="true" signature="initPageObjectClass4()[pri:0, instance:SiteTestCases.RecipientsTests.RecipientsPageTests@16150369]" started-at="2022-10-13T10:33:10 PKT" name="initPageObjectClass4" finished-at="2022-10-13T10:33:10 PKT" duration-ms="4" status="PASS">
          <reporter-output>
          </reporter-output>
        </test-method> <!-- initPageObjectClass4 -->
        <test-method signature="UploadCSVUPMerge(java.lang.String)[pri:0, instance:SiteTestCases.RecipientsTests.RecipientsPageTests@16150369]" started-at="2022-10-13T10:33:10 PKT" name="UploadCSVUPMerge" finished-at="2022-10-13T10:34:40 PKT" duration-ms="89712" status="PASS">
          <params>
            <param index="0">
              <value>
                <![CDATA[https://qa.portal.packagex.xyz/login]]>
              </value>
            </param>
          </params>
          <reporter-output>
          </reporter-output>
        </test-method> <!-- UploadCSVUPMerge -->
        <test-method is-config="true" signature="tearDown(org.testng.ITestResult)[pri:0, instance:SiteTestCases.RecipientsTests.RecipientsPageTests@16150369]" started-at="2022-10-13T10:34:40 PKT" name="tearDown" finished-at="2022-10-13T10:34:40 PKT" duration-ms="0" status="PASS">
          <params>
            <param index="0">
              <value>
                <![CDATA[[TestResult name=UploadCSVUPMerge status=SUCCESS method=RecipientsPageTests.UploadCSVUPMerge(java.lang.String)[pri:0, instance:SiteTestCases.RecipientsTests.RecipientsPageTests@16150369] output={null}]]]>
              </value>
            </param>
          </params>
          <reporter-output>
          </reporter-output>
        </test-method> <!-- tearDown -->
        <test-method is-config="true" signature="closeDriver()[pri:0, instance:SiteTestCases.RecipientsTests.RecipientsPageTests@16150369]" started-at="2022-10-13T10:34:40 PKT" name="closeDriver" finished-at="2022-10-13T10:34:41 PKT" duration-ms="844" status="PASS">
          <reporter-output>
          </reporter-output>
        </test-method> <!-- closeDriver -->
      </class> <!-- SiteTestCases.RecipientsTests.RecipientsPageTests -->
    </test> <!-- UploadCSVUPMerge -->
    <test started-at="2022-10-13T10:34:41 PKT" name="UploadCSVUPOverwrite" finished-at="2022-10-13T10:36:12 PKT" duration-ms="91440">
      <class name="SiteTestCases.RecipientsTests.RecipientsPageTests">
        <test-method is-config="true" signature="initDriver(java.lang.String)[pri:0, instance:SiteTestCases.RecipientsTests.RecipientsPageTests@23f5b5dc]" started-at="2022-10-13T10:34:41 PKT" name="initDriver" finished-at="2022-10-13T10:34:42 PKT" duration-ms="1681" status="PASS">
          <params>
            <param index="0">
              <value>
                <![CDATA[Chrome]]>
              </value>
            </param>
          </params>
          <reporter-output>
          </reporter-output>
        </test-method> <!-- initDriver -->
        <test-method is-config="true" signature="initPageObjectClass()[pri:0, instance:SiteTestCases.RecipientsTests.RecipientsPageTests@23f5b5dc]" started-at="2022-10-13T10:34:42 PKT" name="initPageObjectClass" finished-at="2022-10-13T10:34:42 PKT" duration-ms="1" status="PASS">
          <reporter-output>
          </reporter-output>
        </test-method> <!-- initPageObjectClass -->
        <test-method is-config="true" signature="initPageObjectClass1()[pri:0, instance:SiteTestCases.RecipientsTests.RecipientsPageTests@23f5b5dc]" started-at="2022-10-13T10:34:42 PKT" name="initPageObjectClass1" finished-at="2022-10-13T10:34:42 PKT" duration-ms="1" status="PASS">
          <reporter-output>
          </reporter-output>
        </test-method> <!-- initPageObjectClass1 -->
        <test-method is-config="true" signature="initPageObjectClass2()[pri:0, instance:SiteTestCases.RecipientsTests.RecipientsPageTests@23f5b5dc]" started-at="2022-10-13T10:34:42 PKT" name="initPageObjectClass2" finished-at="2022-10-13T10:34:42 PKT" duration-ms="4" status="PASS">
          <reporter-output>
          </reporter-output>
        </test-method> <!-- initPageObjectClass2 -->
        <test-method is-config="true" signature="initPageObjectClass3()[pri:0, instance:SiteTestCases.RecipientsTests.RecipientsPageTests@23f5b5dc]" started-at="2022-10-13T10:34:42 PKT" name="initPageObjectClass3" finished-at="2022-10-13T10:34:42 PKT" duration-ms="2" status="PASS">
          <reporter-output>
          </reporter-output>
        </test-method> <!-- initPageObjectClass3 -->
        <test-method is-config="true" signature="initPageObjectClass4()[pri:0, instance:SiteTestCases.RecipientsTests.RecipientsPageTests@23f5b5dc]" started-at="2022-10-13T10:34:42 PKT" name="initPageObjectClass4" finished-at="2022-10-13T10:34:42 PKT" duration-ms="1" status="PASS">
          <reporter-output>
          </reporter-output>
        </test-method> <!-- initPageObjectClass4 -->
        <test-method signature="UploadCSVUPOverwrite(java.lang.String)[pri:0, instance:SiteTestCases.RecipientsTests.RecipientsPageTests@23f5b5dc]" started-at="2022-10-13T10:34:42 PKT" name="UploadCSVUPOverwrite" finished-at="2022-10-13T10:36:11 PKT" duration-ms="88924" status="PASS">
          <params>
            <param index="0">
              <value>
                <![CDATA[https://qa.portal.packagex.xyz/login]]>
              </value>
            </param>
          </params>
          <reporter-output>
          </reporter-output>
        </test-method> <!-- UploadCSVUPOverwrite -->
        <test-method is-config="true" signature="tearDown(org.testng.ITestResult)[pri:0, instance:SiteTestCases.RecipientsTests.RecipientsPageTests@23f5b5dc]" started-at="2022-10-13T10:36:11 PKT" name="tearDown" finished-at="2022-10-13T10:36:11 PKT" duration-ms="0" status="PASS">
          <params>
            <param index="0">
              <value>
                <![CDATA[[TestResult name=UploadCSVUPOverwrite status=SUCCESS method=RecipientsPageTests.UploadCSVUPOverwrite(java.lang.String)[pri:0, instance:SiteTestCases.RecipientsTests.RecipientsPageTests@23f5b5dc] output={null}]]]>
              </value>
            </param>
          </params>
          <reporter-output>
          </reporter-output>
        </test-method> <!-- tearDown -->
        <test-method is-config="true" signature="closeDriver()[pri:0, instance:SiteTestCases.RecipientsTests.RecipientsPageTests@23f5b5dc]" started-at="2022-10-13T10:36:11 PKT" name="closeDriver" finished-at="2022-10-13T10:36:12 PKT" duration-ms="824" status="PASS">
          <reporter-output>
          </reporter-output>
        </test-method> <!-- closeDriver -->
      </class> <!-- SiteTestCases.RecipientsTests.RecipientsPageTests -->
    </test> <!-- UploadCSVUPOverwrite -->
    <test started-at="2022-10-13T10:36:12 PKT" name="UploadCSVInvalidEmail" finished-at="2022-10-13T10:38:27 PKT" duration-ms="135092">
      <class name="SiteTestCases.RecipientsTests.RecipientsPageTests">
        <test-method is-config="true" signature="initDriver(java.lang.String)[pri:0, instance:SiteTestCases.RecipientsTests.RecipientsPageTests@5db6b9cd]" started-at="2022-10-13T10:36:12 PKT" name="initDriver" finished-at="2022-10-13T10:36:14 PKT" duration-ms="1703" status="PASS">
          <params>
            <param index="0">
              <value>
                <![CDATA[Chrome]]>
              </value>
            </param>
          </params>
          <reporter-output>
          </reporter-output>
        </test-method> <!-- initDriver -->
        <test-method is-config="true" signature="initPageObjectClass()[pri:0, instance:SiteTestCases.RecipientsTests.RecipientsPageTests@5db6b9cd]" started-at="2022-10-13T10:36:14 PKT" name="initPageObjectClass" finished-at="2022-10-13T10:36:14 PKT" duration-ms="1" status="PASS">
          <reporter-output>
          </reporter-output>
        </test-method> <!-- initPageObjectClass -->
        <test-method is-config="true" signature="initPageObjectClass1()[pri:0, instance:SiteTestCases.RecipientsTests.RecipientsPageTests@5db6b9cd]" started-at="2022-10-13T10:36:14 PKT" name="initPageObjectClass1" finished-at="2022-10-13T10:36:14 PKT" duration-ms="1" status="PASS">
          <reporter-output>
          </reporter-output>
        </test-method> <!-- initPageObjectClass1 -->
        <test-method is-config="true" signature="initPageObjectClass2()[pri:0, instance:SiteTestCases.RecipientsTests.RecipientsPageTests@5db6b9cd]" started-at="2022-10-13T10:36:14 PKT" name="initPageObjectClass2" finished-at="2022-10-13T10:36:14 PKT" duration-ms="3" status="PASS">
          <reporter-output>
          </reporter-output>
        </test-method> <!-- initPageObjectClass2 -->
        <test-method is-config="true" signature="initPageObjectClass3()[pri:0, instance:SiteTestCases.RecipientsTests.RecipientsPageTests@5db6b9cd]" started-at="2022-10-13T10:36:14 PKT" name="initPageObjectClass3" finished-at="2022-10-13T10:36:14 PKT" duration-ms="2" status="PASS">
          <reporter-output>
          </reporter-output>
        </test-method> <!-- initPageObjectClass3 -->
        <test-method is-config="true" signature="initPageObjectClass4()[pri:0, instance:SiteTestCases.RecipientsTests.RecipientsPageTests@5db6b9cd]" started-at="2022-10-13T10:36:14 PKT" name="initPageObjectClass4" finished-at="2022-10-13T10:36:14 PKT" duration-ms="3" status="PASS">
          <reporter-output>
          </reporter-output>
        </test-method> <!-- initPageObjectClass4 -->
        <test-method signature="UploadCSVInvalidEmail(java.lang.String)[pri:0, instance:SiteTestCases.RecipientsTests.RecipientsPageTests@5db6b9cd]" started-at="2022-10-13T10:36:14 PKT" name="UploadCSVInvalidEmail" finished-at="2022-10-13T10:38:26 PKT" duration-ms="132555" status="PASS">
          <params>
            <param index="0">
              <value>
                <![CDATA[https://qa.portal.packagex.xyz/login]]>
              </value>
            </param>
          </params>
          <reporter-output>
          </reporter-output>
        </test-method> <!-- UploadCSVInvalidEmail -->
        <test-method is-config="true" signature="tearDown(org.testng.ITestResult)[pri:0, instance:SiteTestCases.RecipientsTests.RecipientsPageTests@5db6b9cd]" started-at="2022-10-13T10:38:26 PKT" name="tearDown" finished-at="2022-10-13T10:38:26 PKT" duration-ms="1" status="PASS">
          <params>
            <param index="0">
              <value>
                <![CDATA[[TestResult name=UploadCSVInvalidEmail status=SUCCESS method=RecipientsPageTests.UploadCSVInvalidEmail(java.lang.String)[pri:0, instance:SiteTestCases.RecipientsTests.RecipientsPageTests@5db6b9cd] output={null}]]]>
              </value>
            </param>
          </params>
          <reporter-output>
          </reporter-output>
        </test-method> <!-- tearDown -->
        <test-method is-config="true" signature="closeDriver()[pri:0, instance:SiteTestCases.RecipientsTests.RecipientsPageTests@5db6b9cd]" started-at="2022-10-13T10:38:26 PKT" name="closeDriver" finished-at="2022-10-13T10:38:27 PKT" duration-ms="822" status="PASS">
          <reporter-output>
          </reporter-output>
        </test-method> <!-- closeDriver -->
      </class> <!-- SiteTestCases.RecipientsTests.RecipientsPageTests -->
    </test> <!-- UploadCSVInvalidEmail -->
    <test started-at="2022-10-13T10:38:27 PKT" name="UploadCSVDuplicateEmail" finished-at="2022-10-13T10:40:17 PKT" duration-ms="109877">
      <class name="SiteTestCases.RecipientsTests.RecipientsPageTests">
        <test-method is-config="true" signature="initDriver(java.lang.String)[pri:0, instance:SiteTestCases.RecipientsTests.RecipientsPageTests@1be2019a]" started-at="2022-10-13T10:38:27 PKT" name="initDriver" finished-at="2022-10-13T10:38:29 PKT" duration-ms="1643" status="PASS">
          <params>
            <param index="0">
              <value>
                <![CDATA[Chrome]]>
              </value>
            </param>
          </params>
          <reporter-output>
          </reporter-output>
        </test-method> <!-- initDriver -->
        <test-method is-config="true" signature="initPageObjectClass()[pri:0, instance:SiteTestCases.RecipientsTests.RecipientsPageTests@1be2019a]" started-at="2022-10-13T10:38:29 PKT" name="initPageObjectClass" finished-at="2022-10-13T10:38:29 PKT" duration-ms="1" status="PASS">
          <reporter-output>
          </reporter-output>
        </test-method> <!-- initPageObjectClass -->
        <test-method is-config="true" signature="initPageObjectClass1()[pri:0, instance:SiteTestCases.RecipientsTests.RecipientsPageTests@1be2019a]" started-at="2022-10-13T10:38:29 PKT" name="initPageObjectClass1" finished-at="2022-10-13T10:38:29 PKT" duration-ms="1" status="PASS">
          <reporter-output>
          </reporter-output>
        </test-method> <!-- initPageObjectClass1 -->
        <test-method is-config="true" signature="initPageObjectClass2()[pri:0, instance:SiteTestCases.RecipientsTests.RecipientsPageTests@1be2019a]" started-at="2022-10-13T10:38:29 PKT" name="initPageObjectClass2" finished-at="2022-10-13T10:38:29 PKT" duration-ms="2" status="PASS">
          <reporter-output>
          </reporter-output>
        </test-method> <!-- initPageObjectClass2 -->
        <test-method is-config="true" signature="initPageObjectClass3()[pri:0, instance:SiteTestCases.RecipientsTests.RecipientsPageTests@1be2019a]" started-at="2022-10-13T10:38:29 PKT" name="initPageObjectClass3" finished-at="2022-10-13T10:38:29 PKT" duration-ms="1" status="PASS">
          <reporter-output>
          </reporter-output>
        </test-method> <!-- initPageObjectClass3 -->
        <test-method is-config="true" signature="initPageObjectClass4()[pri:0, instance:SiteTestCases.RecipientsTests.RecipientsPageTests@1be2019a]" started-at="2022-10-13T10:38:29 PKT" name="initPageObjectClass4" finished-at="2022-10-13T10:38:29 PKT" duration-ms="3" status="PASS">
          <reporter-output>
          </reporter-output>
        </test-method> <!-- initPageObjectClass4 -->
        <test-method signature="UploadCSVDuplicateEmail(java.lang.String)[pri:0, instance:SiteTestCases.RecipientsTests.RecipientsPageTests@1be2019a]" started-at="2022-10-13T10:38:29 PKT" name="UploadCSVDuplicateEmail" finished-at="2022-10-13T10:40:16 PKT" duration-ms="107352" status="PASS">
          <params>
            <param index="0">
              <value>
                <![CDATA[https://qa.portal.packagex.xyz/login]]>
              </value>
            </param>
          </params>
          <reporter-output>
          </reporter-output>
        </test-method> <!-- UploadCSVDuplicateEmail -->
        <test-method is-config="true" signature="tearDown(org.testng.ITestResult)[pri:0, instance:SiteTestCases.RecipientsTests.RecipientsPageTests@1be2019a]" started-at="2022-10-13T10:40:16 PKT" name="tearDown" finished-at="2022-10-13T10:40:16 PKT" duration-ms="1" status="PASS">
          <params>
            <param index="0">
              <value>
                <![CDATA[[TestResult name=UploadCSVDuplicateEmail status=SUCCESS method=RecipientsPageTests.UploadCSVDuplicateEmail(java.lang.String)[pri:0, instance:SiteTestCases.RecipientsTests.RecipientsPageTests@1be2019a] output={null}]]]>
              </value>
            </param>
          </params>
          <reporter-output>
          </reporter-output>
        </test-method> <!-- tearDown -->
        <test-method is-config="true" signature="closeDriver()[pri:0, instance:SiteTestCases.RecipientsTests.RecipientsPageTests@1be2019a]" started-at="2022-10-13T10:40:16 PKT" name="closeDriver" finished-at="2022-10-13T10:40:17 PKT" duration-ms="869" status="PASS">
          <reporter-output>
          </reporter-output>
        </test-method> <!-- closeDriver -->
      </class> <!-- SiteTestCases.RecipientsTests.RecipientsPageTests -->
    </test> <!-- UploadCSVDuplicateEmail -->
    <test started-at="2022-10-13T10:40:17 PKT" name="UploadCSVNameEmailMissing" finished-at="2022-10-13T10:41:49 PKT" duration-ms="92141">
      <class name="SiteTestCases.RecipientsTests.RecipientsPageTests">
        <test-method is-config="true" signature="initDriver(java.lang.String)[pri:0, instance:SiteTestCases.RecipientsTests.RecipientsPageTests@2657d4dd]" started-at="2022-10-13T10:40:17 PKT" name="initDriver" finished-at="2022-10-13T10:40:19 PKT" duration-ms="1840" status="PASS">
          <params>
            <param index="0">
              <value>
                <![CDATA[Chrome]]>
              </value>
            </param>
          </params>
          <reporter-output>
          </reporter-output>
        </test-method> <!-- initDriver -->
        <test-method is-config="true" signature="initPageObjectClass()[pri:0, instance:SiteTestCases.RecipientsTests.RecipientsPageTests@2657d4dd]" started-at="2022-10-13T10:40:19 PKT" name="initPageObjectClass" finished-at="2022-10-13T10:40:19 PKT" duration-ms="0" status="PASS">
          <reporter-output>
          </reporter-output>
        </test-method> <!-- initPageObjectClass -->
        <test-method is-config="true" signature="initPageObjectClass1()[pri:0, instance:SiteTestCases.RecipientsTests.RecipientsPageTests@2657d4dd]" started-at="2022-10-13T10:40:19 PKT" name="initPageObjectClass1" finished-at="2022-10-13T10:40:19 PKT" duration-ms="2" status="PASS">
          <reporter-output>
          </reporter-output>
        </test-method> <!-- initPageObjectClass1 -->
        <test-method is-config="true" signature="initPageObjectClass2()[pri:0, instance:SiteTestCases.RecipientsTests.RecipientsPageTests@2657d4dd]" started-at="2022-10-13T10:40:19 PKT" name="initPageObjectClass2" finished-at="2022-10-13T10:40:19 PKT" duration-ms="2" status="PASS">
          <reporter-output>
          </reporter-output>
        </test-method> <!-- initPageObjectClass2 -->
        <test-method is-config="true" signature="initPageObjectClass3()[pri:0, instance:SiteTestCases.RecipientsTests.RecipientsPageTests@2657d4dd]" started-at="2022-10-13T10:40:19 PKT" name="initPageObjectClass3" finished-at="2022-10-13T10:40:19 PKT" duration-ms="1" status="PASS">
          <reporter-output>
          </reporter-output>
        </test-method> <!-- initPageObjectClass3 -->
        <test-method is-config="true" signature="initPageObjectClass4()[pri:0, instance:SiteTestCases.RecipientsTests.RecipientsPageTests@2657d4dd]" started-at="2022-10-13T10:40:19 PKT" name="initPageObjectClass4" finished-at="2022-10-13T10:40:19 PKT" duration-ms="3" status="PASS">
          <reporter-output>
          </reporter-output>
        </test-method> <!-- initPageObjectClass4 -->
        <test-method signature="UploadCSVNameEmailMissing(java.lang.String)[pri:0, instance:SiteTestCases.RecipientsTests.RecipientsPageTests@2657d4dd]" started-at="2022-10-13T10:40:19 PKT" name="UploadCSVNameEmailMissing" finished-at="2022-10-13T10:41:48 PKT" duration-ms="89461" status="PASS">
          <params>
            <param index="0">
              <value>
                <![CDATA[https://qa.portal.packagex.xyz/login]]>
              </value>
            </param>
          </params>
          <reporter-output>
          </reporter-output>
        </test-method> <!-- UploadCSVNameEmailMissing -->
        <test-method is-config="true" signature="closeDriver()[pri:0, instance:SiteTestCases.RecipientsTests.RecipientsPageTests@2657d4dd]" started-at="2022-10-13T10:41:48 PKT" name="closeDriver" finished-at="2022-10-13T10:41:49 PKT" duration-ms="831" status="PASS">
          <reporter-output>
          </reporter-output>
        </test-method> <!-- closeDriver -->
        <test-method is-config="true" signature="tearDown(org.testng.ITestResult)[pri:0, instance:SiteTestCases.RecipientsTests.RecipientsPageTests@2657d4dd]" started-at="2022-10-13T10:41:48 PKT" name="tearDown" finished-at="2022-10-13T10:41:48 PKT" duration-ms="0" status="PASS">
          <params>
            <param index="0">
              <value>
                <![CDATA[[TestResult name=UploadCSVNameEmailMissing status=SUCCESS method=RecipientsPageTests.UploadCSVNameEmailMissing(java.lang.String)[pri:0, instance:SiteTestCases.RecipientsTests.RecipientsPageTests@2657d4dd] output={null}]]]>
              </value>
            </param>
          </params>
          <reporter-output>
          </reporter-output>
        </test-method> <!-- tearDown -->
      </class> <!-- SiteTestCases.RecipientsTests.RecipientsPageTests -->
    </test> <!-- UploadCSVNameEmailMissing -->
    <test started-at="2022-10-13T10:41:49 PKT" name="UploadCSVEmailMissing" finished-at="2022-10-13T10:43:34 PKT" duration-ms="104270">
      <class name="SiteTestCases.RecipientsTests.RecipientsPageTests">
        <test-method is-config="true" signature="initDriver(java.lang.String)[pri:0, instance:SiteTestCases.RecipientsTests.RecipientsPageTests@387a8303]" started-at="2022-10-13T10:41:49 PKT" name="initDriver" finished-at="2022-10-13T10:41:51 PKT" duration-ms="1768" status="PASS">
          <params>
            <param index="0">
              <value>
                <![CDATA[Chrome]]>
              </value>
            </param>
          </params>
          <reporter-output>
          </reporter-output>
        </test-method> <!-- initDriver -->
        <test-method is-config="true" signature="initPageObjectClass1()[pri:0, instance:SiteTestCases.RecipientsTests.RecipientsPageTests@387a8303]" started-at="2022-10-13T10:41:51 PKT" name="initPageObjectClass1" finished-at="2022-10-13T10:41:51 PKT" duration-ms="1" status="PASS">
          <reporter-output>
          </reporter-output>
        </test-method> <!-- initPageObjectClass1 -->
        <test-method is-config="true" signature="initPageObjectClass()[pri:0, instance:SiteTestCases.RecipientsTests.RecipientsPageTests@387a8303]" started-at="2022-10-13T10:41:51 PKT" name="initPageObjectClass" finished-at="2022-10-13T10:41:51 PKT" duration-ms="0" status="PASS">
          <reporter-output>
          </reporter-output>
        </test-method> <!-- initPageObjectClass -->
        <test-method is-config="true" signature="initPageObjectClass2()[pri:0, instance:SiteTestCases.RecipientsTests.RecipientsPageTests@387a8303]" started-at="2022-10-13T10:41:51 PKT" name="initPageObjectClass2" finished-at="2022-10-13T10:41:51 PKT" duration-ms="2" status="PASS">
          <reporter-output>
          </reporter-output>
        </test-method> <!-- initPageObjectClass2 -->
        <test-method is-config="true" signature="initPageObjectClass3()[pri:0, instance:SiteTestCases.RecipientsTests.RecipientsPageTests@387a8303]" started-at="2022-10-13T10:41:51 PKT" name="initPageObjectClass3" finished-at="2022-10-13T10:41:51 PKT" duration-ms="3" status="PASS">
          <reporter-output>
          </reporter-output>
        </test-method> <!-- initPageObjectClass3 -->
        <test-method is-config="true" signature="initPageObjectClass4()[pri:0, instance:SiteTestCases.RecipientsTests.RecipientsPageTests@387a8303]" started-at="2022-10-13T10:41:51 PKT" name="initPageObjectClass4" finished-at="2022-10-13T10:41:51 PKT" duration-ms="2" status="PASS">
          <reporter-output>
          </reporter-output>
        </test-method> <!-- initPageObjectClass4 -->
        <test-method signature="UploadCSVEmailMissing(java.lang.String)[pri:0, instance:SiteTestCases.RecipientsTests.RecipientsPageTests@387a8303]" started-at="2022-10-13T10:41:51 PKT" name="UploadCSVEmailMissing" finished-at="2022-10-13T10:43:33 PKT" duration-ms="101595" status="PASS">
          <params>
            <param index="0">
              <value>
                <![CDATA[https://qa.portal.packagex.xyz/login]]>
              </value>
            </param>
          </params>
          <reporter-output>
          </reporter-output>
        </test-method> <!-- UploadCSVEmailMissing -->
        <test-method is-config="true" signature="tearDown(org.testng.ITestResult)[pri:0, instance:SiteTestCases.RecipientsTests.RecipientsPageTests@387a8303]" started-at="2022-10-13T10:43:33 PKT" name="tearDown" finished-at="2022-10-13T10:43:33 PKT" duration-ms="1" status="PASS">
          <params>
            <param index="0">
              <value>
                <![CDATA[[TestResult name=UploadCSVEmailMissing status=SUCCESS method=RecipientsPageTests.UploadCSVEmailMissing(java.lang.String)[pri:0, instance:SiteTestCases.RecipientsTests.RecipientsPageTests@387a8303] output={null}]]]>
              </value>
            </param>
          </params>
          <reporter-output>
          </reporter-output>
        </test-method> <!-- tearDown -->
        <test-method is-config="true" signature="closeDriver()[pri:0, instance:SiteTestCases.RecipientsTests.RecipientsPageTests@387a8303]" started-at="2022-10-13T10:43:33 PKT" name="closeDriver" finished-at="2022-10-13T10:43:34 PKT" duration-ms="894" status="PASS">
          <reporter-output>
          </reporter-output>
        </test-method> <!-- closeDriver -->
      </class> <!-- SiteTestCases.RecipientsTests.RecipientsPageTests -->
    </test> <!-- UploadCSVEmailMissing -->
    <test started-at="2022-10-13T10:43:34 PKT" name="UploadCSVLongAdress" finished-at="2022-10-13T10:45:07 PKT" duration-ms="93354">
      <class name="SiteTestCases.RecipientsTests.RecipientsPageTests">
        <test-method is-config="true" signature="initDriver(java.lang.String)[pri:0, instance:SiteTestCases.RecipientsTests.RecipientsPageTests@57db2b13]" started-at="2022-10-13T10:43:34 PKT" name="initDriver" finished-at="2022-10-13T10:43:35 PKT" duration-ms="1718" status="PASS">
          <params>
            <param index="0">
              <value>
                <![CDATA[Chrome]]>
              </value>
            </param>
          </params>
          <reporter-output>
          </reporter-output>
        </test-method> <!-- initDriver -->
        <test-method is-config="true" signature="initPageObjectClass1()[pri:0, instance:SiteTestCases.RecipientsTests.RecipientsPageTests@57db2b13]" started-at="2022-10-13T10:43:35 PKT" name="initPageObjectClass1" finished-at="2022-10-13T10:43:35 PKT" duration-ms="1" status="PASS">
          <reporter-output>
          </reporter-output>
        </test-method> <!-- initPageObjectClass1 -->
        <test-method is-config="true" signature="initPageObjectClass()[pri:0, instance:SiteTestCases.RecipientsTests.RecipientsPageTests@57db2b13]" started-at="2022-10-13T10:43:35 PKT" name="initPageObjectClass" finished-at="2022-10-13T10:43:35 PKT" duration-ms="0" status="PASS">
          <reporter-output>
          </reporter-output>
        </test-method> <!-- initPageObjectClass -->
[...]
      <class name="SiteTestCases.SettingsTests.WorkflowsTests.WorkflowsPageTests">
        <test-method is-config="true" signature="initDriver(java.lang.String)[pri:0, instance:SiteTestCases.SettingsTests.WorkflowsTests.WorkflowsPageTests@17503f6b]" started-at="2022-10-13T10:59:08 PKT" name="initDriver" finished-at="2022-10-13T10:59:10 PKT" duration-ms="1660" status="PASS">
          <params>
            <param index="0">
              <value>
                <![CDATA[Chrome]]>
              </value>
            </param>
          </params>
          <reporter-output>
          </reporter-output>
        </test-method> <!-- initDriver -->
        <test-method is-config="true" signature="initPageObjectClass1()[pri:0, instance:SiteTestCases.SettingsTests.WorkflowsTests.WorkflowsPageTests@17503f6b]" started-at="2022-10-13T10:59:10 PKT" name="initPageObjectClass1" finished-at="2022-10-13T10:59:10 PKT" duration-ms="1" status="PASS">
          <reporter-output>
          </reporter-output>
        </test-method> <!-- initPageObjectClass1 -->
        <test-method is-config="true" signature="initPageObjectClass()[pri:0, instance:SiteTestCases.SettingsTests.WorkflowsTests.WorkflowsPageTests@17503f6b]" started-at="2022-10-13T10:59:10 PKT" name="initPageObjectClass" finished-at="2022-10-13T10:59:10 PKT" duration-ms="0" status="PASS">
          <reporter-output>
          </reporter-output>
        </test-method> <!-- initPageObjectClass -->
        <test-method is-config="true" signature="initPageObjectClass2()[pri:0, instance:SiteTestCases.SettingsTests.WorkflowsTests.WorkflowsPageTests@17503f6b]" started-at="2022-10-13T10:59:10 PKT" name="initPageObjectClass2" finished-at="2022-10-13T10:59:10 PKT" duration-ms="1" status="PASS">
          <reporter-output>
          </reporter-output>
        </test-method> <!-- initPageObjectClass2 -->
        <test-method is-config="true" signature="initPageObjectClass4()[pri:0, instance:SiteTestCases.SettingsTests.WorkflowsTests.WorkflowsPageTests@17503f6b]" started-at="2022-10-13T10:59:10 PKT" name="initPageObjectClass4" finished-at="2022-10-13T10:59:10 PKT" duration-ms="1" status="PASS">
          <reporter-output>
          </reporter-output>
        </test-method> <!-- initPageObjectClass4 -->
        <test-method is-config="true" signature="initPageObjectClass3()[pri:0, instance:SiteTestCases.SettingsTests.WorkflowsTests.WorkflowsPageTests@17503f6b]" started-at="2022-10-13T10:59:10 PKT" name="initPageObjectClass3" finished-at="2022-10-13T10:59:10 PKT" duration-ms="0" status="PASS">
          <reporter-output>
          </reporter-output>
        </test-method> <!-- initPageObjectClass3 -->
        <test-method is-config="true" signature="initPageObjectClass5()[pri:0, instance:SiteTestCases.SettingsTests.WorkflowsTests.WorkflowsPageTests@17503f6b]" started-at="2022-10-13T10:59:10 PKT" name="initPageObjectClass5" finished-at="2022-10-13T10:59:10 PKT" duration-ms="0" status="PASS">
          <reporter-output>
          </reporter-output>
        </test-method> <!-- initPageObjectClass5 -->
        <test-method signature="PreviewCustomize(java.lang.String)[pri:0, instance:SiteTestCases.SettingsTests.WorkflowsTests.WorkflowsPageTests@17503f6b]" started-at="2022-10-13T10:59:10 PKT" name="PreviewCustomize" finished-at="2022-10-13T10:59:41 PKT" duration-ms="30771" status="PASS">
          <params>
            <param index="0">
              <value>
                <![CDATA[https://qa.portal.packagex.xyz/login]]>
              </value>
            </param>
          </params>
          <reporter-output>
          </reporter-output>
        </test-method> <!-- PreviewCustomize -->
        <test-method is-config="true" signature="closeDriver()[pri:0, instance:SiteTestCases.SettingsTests.WorkflowsTests.WorkflowsPageTests@17503f6b]" started-at="2022-10-13T10:59:41 PKT" name="closeDriver" finished-at="2022-10-13T10:59:42 PKT" duration-ms="1132" status="PASS">
          <reporter-output>
          </reporter-output>
        </test-method> <!-- closeDriver -->
        <test-method is-config="true" signature="tearDown(org.testng.ITestResult)[pri:0, instance:SiteTestCases.SettingsTests.WorkflowsTests.WorkflowsPageTests@17503f6b]" started-at="2022-10-13T10:59:41 PKT" name="tearDown" finished-at="2022-10-13T10:59:41 PKT" duration-ms="0" status="PASS">
          <params>
            <param index="0">
              <value>
                <![CDATA[[TestResult name=PreviewCustomize status=SUCCESS method=WorkflowsPageTests.PreviewCustomize(java.lang.String)[pri:0, instance:SiteTestCases.SettingsTests.WorkflowsTests.WorkflowsPageTests@17503f6b] output={null}]]]>
              </value>
            </param>
          </params>
          <reporter-output>
          </reporter-output>
        </test-method> <!-- tearDown -->
      </class> <!-- SiteTestCases.SettingsTests.WorkflowsTests.WorkflowsPageTests -->
    </test> <!-- PreviewCustomize -->
    <test started-at="2022-10-13T10:59:42 PKT" name="GenerateAPIKey" finished-at="2022-10-13T11:00:25 PKT" duration-ms="43037">
      <class name="SiteTestCases.SettingsTests.APIandWebhooksTests.APIandWebhooksTestsPage">
        <test-method is-config="true" signature="initDriver(java.lang.String)[pri:0, instance:SiteTestCases.SettingsTests.APIandWebhooksTests.APIandWebhooksTestsPage@461ad730]" started-at="2022-10-13T10:59:42 PKT" name="initDriver" finished-at="2022-10-13T10:59:44 PKT" duration-ms="1591" status="PASS">
          <params>
            <param index="0">
              <value>
                <![CDATA[Chrome]]>
              </value>
            </param>
          </params>
          <reporter-output>
          </reporter-output>
        </test-method> <!-- initDriver -->
        <test-method is-config="true" signature="initPageObjectClass()[pri:0, instance:SiteTestCases.SettingsTests.APIandWebhooksTests.APIandWebhooksTestsPage@461ad730]" started-at="2022-10-13T10:59:44 PKT" name="initPageObjectClass" finished-at="2022-10-13T10:59:44 PKT" duration-ms="1" status="PASS">
          <reporter-output>
          </reporter-output>
        </test-method> <!-- initPageObjectClass -->
        <test-method is-config="true" signature="initPageObjectClass1()[pri:0, instance:SiteTestCases.SettingsTests.APIandWebhooksTests.APIandWebhooksTestsPage@461ad730]" started-at="2022-10-13T10:59:44 PKT" name="initPageObjectClass1" finished-at="2022-10-13T10:59:44 PKT" duration-ms="1" status="PASS">
          <reporter-output>
          </reporter-output>
        </test-method> <!-- initPageObjectClass1 -->
        <test-method is-config="true" signature="initPageObjectClass2()[pri:0, instance:SiteTestCases.SettingsTests.APIandWebhooksTests.APIandWebhooksTestsPage@461ad730]" started-at="2022-10-13T10:59:44 PKT" name="initPageObjectClass2" finished-at="2022-10-13T10:59:44 PKT" duration-ms="78" status="PASS">
          <reporter-output>
          </reporter-output>
        </test-method> <!-- initPageObjectClass2 -->
        <test-method is-config="true" signature="initPageObjectClass3()[pri:0, instance:SiteTestCases.SettingsTests.APIandWebhooksTests.APIandWebhooksTestsPage@461ad730]" started-at="2022-10-13T10:59:44 PKT" name="initPageObjectClass3" finished-at="2022-10-13T10:59:44 PKT" duration-ms="0" status="PASS">
          <reporter-output>
          </reporter-output>
        </test-method> <!-- initPageObjectClass3 -->
        <test-method is-config="true" signature="initPageObjectClass4()[pri:0, instance:SiteTestCases.SettingsTests.APIandWebhooksTests.APIandWebhooksTestsPage@461ad730]" started-at="2022-10-13T10:59:44 PKT" name="initPageObjectClass4" finished-at="2022-10-13T10:59:44 PKT" duration-ms="1" status="PASS">
          <reporter-output>
          </reporter-output>
        </test-method> <!-- initPageObjectClass4 -->
        <test-method signature="GenerateAPIKey(java.lang.String)[pri:0, instance:SiteTestCases.SettingsTests.APIandWebhooksTests.APIandWebhooksTestsPage@461ad730]" started-at="2022-10-13T10:59:44 PKT" name="GenerateAPIKey" finished-at="2022-10-13T11:00:24 PKT" duration-ms="40537" status="PASS">
          <params>
            <param index="0">
              <value>
                <![CDATA[https://qa.portal.packagex.xyz/login]]>
              </value>
            </param>
          </params>
          <reporter-output>
          </reporter-output>
        </test-method> <!-- GenerateAPIKey -->
        <test-method is-config="true" signature="tearDown(org.testng.ITestResult)[pri:0, instance:SiteTestCases.SettingsTests.APIandWebhooksTests.APIandWebhooksTestsPage@461ad730]" started-at="2022-10-13T11:00:24 PKT" name="tearDown" finished-at="2022-10-13T11:00:24 PKT" duration-ms="0" status="PASS">
          <params>
            <param index="0">
              <value>
                <![CDATA[[TestResult name=GenerateAPIKey status=SUCCESS method=APIandWebhooksTestsPage.GenerateAPIKey(java.lang.String)[pri:0, instance:SiteTestCases.SettingsTests.APIandWebhooksTests.APIandWebhooksTestsPage@461ad730] output={null}]]]>
              </value>
            </param>
          </params>
          <reporter-output>
          </reporter-output>
        </test-method> <!-- tearDown -->
        <test-method is-config="true" signature="closeDriver()[pri:0, instance:SiteTestCases.SettingsTests.APIandWebhooksTests.APIandWebhooksTestsPage@461ad730]" started-at="2022-10-13T11:00:24 PKT" name="closeDriver" finished-at="2022-10-13T11:00:25 PKT" duration-ms="824" status="PASS">
          <reporter-output>
          </reporter-output>
        </test-method> <!-- closeDriver -->
      </class> <!-- SiteTestCases.SettingsTests.APIandWebhooksTests.APIandWebhooksTestsPage -->
    </test> <!-- GenerateAPIKey -->
    <test started-at="2022-10-13T11:00:25 PKT" name="GenerateLabelOCRAPIKey" finished-at="2022-10-13T11:01:07 PKT" duration-ms="41624">
      <class name="SiteTestCases.SettingsTests.APIandWebhooksTests.APIandWebhooksTestsPage">
        <test-method is-config="true" signature="initDriver(java.lang.String)[pri:0, instance:SiteTestCases.SettingsTests.APIandWebhooksTests.APIandWebhooksTestsPage@3e78b6a5]" started-at="2022-10-13T11:00:25 PKT" name="initDriver" finished-at="2022-10-13T11:00:27 PKT" duration-ms="1679" status="PASS">
          <params>
            <param index="0">
              <value>
                <![CDATA[Chrome]]>
              </value>
            </param>
          </params>
          <reporter-output>
          </reporter-output>
        </test-method> <!-- initDriver -->
        <test-method is-config="true" signature="initPageObjectClass()[pri:0, instance:SiteTestCases.SettingsTests.APIandWebhooksTests.APIandWebhooksTestsPage@3e78b6a5]" started-at="2022-10-13T11:00:27 PKT" name="initPageObjectClass" finished-at="2022-10-13T11:00:27 PKT" duration-ms="0" status="PASS">
          <reporter-output>
          </reporter-output>
        </test-method> <!-- initPageObjectClass -->
        <test-method is-config="true" signature="initPageObjectClass1()[pri:0, instance:SiteTestCases.SettingsTests.APIandWebhooksTests.APIandWebhooksTestsPage@3e78b6a5]" started-at="2022-10-13T11:00:27 PKT" name="initPageObjectClass1" finished-at="2022-10-13T11:00:27 PKT" duration-ms="0" status="PASS">
          <reporter-output>
          </reporter-output>
        </test-method> <!-- initPageObjectClass1 -->
        <test-method is-config="true" signature="initPageObjectClass2()[pri:0, instance:SiteTestCases.SettingsTests.APIandWebhooksTests.APIandWebhooksTestsPage@3e78b6a5]" started-at="2022-10-13T11:00:27 PKT" name="initPageObjectClass2" finished-at="2022-10-13T11:00:27 PKT" duration-ms="1" status="PASS">
          <reporter-output>
          </reporter-output>
        </test-method> <!-- initPageObjectClass2 -->
        <test-method is-config="true" signature="initPageObjectClass3()[pri:0, instance:SiteTestCases.SettingsTests.APIandWebhooksTests.APIandWebhooksTestsPage@3e78b6a5]" started-at="2022-10-13T11:00:27 PKT" name="initPageObjectClass3" finished-at="2022-10-13T11:00:27 PKT" duration-ms="1" status="PASS">
          <reporter-output>
          </reporter-output>
        </test-method> <!-- initPageObjectClass3 -->
        <test-method is-config="true" signature="initPageObjectClass4()[pri:0, instance:SiteTestCases.SettingsTests.APIandWebhooksTests.APIandWebhooksTestsPage@3e78b6a5]" started-at="2022-10-13T11:00:27 PKT" name="initPageObjectClass4" finished-at="2022-10-13T11:00:27 PKT" duration-ms="1" status="PASS">
          <reporter-output>
          </reporter-output>
        </test-method> <!-- initPageObjectClass4 -->
        <test-method signature="GenerateLabelOCRAPIKey(java.lang.String)[pri:0, instance:SiteTestCases.SettingsTests.APIandWebhooksTests.APIandWebhooksTestsPage@3e78b6a5]" started-at="2022-10-13T11:00:27 PKT" name="GenerateLabelOCRAPIKey" finished-at="2022-10-13T11:01:06 PKT" duration-ms="39135" status="PASS">
          <params>
            <param index="0">
              <value>
                <![CDATA[https://qa.portal.packagex.xyz/login]]>
              </value>
            </param>
          </params>
          <reporter-output>
          </reporter-output>
        </test-method> <!-- GenerateLabelOCRAPIKey -->
        <test-method is-config="true" signature="tearDown(org.testng.ITestResult)[pri:0, instance:SiteTestCases.SettingsTests.APIandWebhooksTests.APIandWebhooksTestsPage@3e78b6a5]" started-at="2022-10-13T11:01:06 PKT" name="tearDown" finished-at="2022-10-13T11:01:06 PKT" duration-ms="0" status="PASS">
          <params>
            <param index="0">
              <value>
                <![CDATA[[TestResult name=GenerateLabelOCRAPIKey status=SUCCESS method=APIandWebhooksTestsPage.GenerateLabelOCRAPIKey(java.lang.String)[pri:0, instance:SiteTestCases.SettingsTests.APIandWebhooksTests.APIandWebhooksTestsPage@3e78b6a5] output={null}]]]>
              </value>
            </param>
          </params>
          <reporter-output>
          </reporter-output>
        </test-method> <!-- tearDown -->
        <test-method is-config="true" signature="closeDriver()[pri:0, instance:SiteTestCases.SettingsTests.APIandWebhooksTests.APIandWebhooksTestsPage@3e78b6a5]" started-at="2022-10-13T11:01:06 PKT" name="closeDriver" finished-at="2022-10-13T11:01:07 PKT" duration-ms="805" status="PASS">
          <reporter-output>
          </reporter-output>
        </test-method> <!-- closeDriver -->
      </class> <!-- SiteTestCases.SettingsTests.APIandWebhooksTests.APIandWebhooksTestsPage -->
    </test> <!-- GenerateLabelOCRAPIKey -->
    <test started-at="2022-10-13T11:01:07 PKT" name="CreateWebhooks" finished-at="2022-10-13T11:02:02 PKT" duration-ms="55013">
      <class name="SiteTestCases.SettingsTests.APIandWebhooksTests.APIandWebhooksTestsPage">
        <test-method is-config="true" signature="initDriver(java.lang.String)[pri:0, instance:SiteTestCases.SettingsTests.APIandWebhooksTests.APIandWebhooksTestsPage@24105dc5]" started-at="2022-10-13T11:01:07 PKT" name="initDriver" finished-at="2022-10-13T11:01:08 PKT" duration-ms="1614" status="PASS">
          <params>
            <param index="0">
              <value>
                <![CDATA[Chrome]]>
              </value>
            </param>
          </params>
          <reporter-output>
          </reporter-output>
        </test-method> <!-- initDriver -->
        <test-method is-config="true" signature="initPageObjectClass()[pri:0, instance:SiteTestCases.SettingsTests.APIandWebhooksTests.APIandWebhooksTestsPage@24105dc5]" started-at="2022-10-13T11:01:08 PKT" name="initPageObjectClass" finished-at="2022-10-13T11:01:08 PKT" duration-ms="1" status="PASS">
          <reporter-output>
          </reporter-output>
        </test-method> <!-- initPageObjectClass -->
        <test-method is-config="true" signature="initPageObjectClass1()[pri:0, instance:SiteTestCases.SettingsTests.APIandWebhooksTests.APIandWebhooksTestsPage@24105dc5]" started-at="2022-10-13T11:01:08 PKT" name="initPageObjectClass1" finished-at="2022-10-13T11:01:08 PKT" duration-ms="1" status="PASS">
          <reporter-output>
          </reporter-output>
        </test-method> <!-- initPageObjectClass1 -->
        <test-method is-config="true" signature="initPageObjectClass3()[pri:0, instance:SiteTestCases.SettingsTests.APIandWebhooksTests.APIandWebhooksTestsPage@24105dc5]" started-at="2022-10-13T11:01:08 PKT" name="initPageObjectClass3" finished-at="2022-10-13T11:01:08 PKT" duration-ms="1" status="PASS">
          <reporter-output>
          </reporter-output>
        </test-method> <!-- initPageObjectClass3 -->
        <test-method is-config="true" signature="initPageObjectClass2()[pri:0, instance:SiteTestCases.SettingsTests.APIandWebhooksTests.APIandWebhooksTestsPage@24105dc5]" started-at="2022-10-13T11:01:08 PKT" name="initPageObjectClass2" finished-at="2022-10-13T11:01:08 PKT" duration-ms="0" status="PASS">
          <reporter-output>
          </reporter-output>
        </test-method> <!-- initPageObjectClass2 -->
        <test-method is-config="true" signature="initPageObjectClass4()[pri:0, instance:SiteTestCases.SettingsTests.APIandWebhooksTests.APIandWebhooksTestsPage@24105dc5]" started-at="2022-10-13T11:01:08 PKT" name="initPageObjectClass4" finished-at="2022-10-13T11:01:08 PKT" duration-ms="1" status="PASS">
          <reporter-output>
          </reporter-output>
        </test-method> <!-- initPageObjectClass4 -->
        <test-method signature="CreateWebhooks(java.lang.String)[pri:0, instance:SiteTestCases.SettingsTests.APIandWebhooksTests.APIandWebhooksTestsPage@24105dc5]" started-at="2022-10-13T11:01:08 PKT" name="CreateWebhooks" finished-at="2022-10-13T11:02:01 PKT" duration-ms="52590" status="PASS">
          <params>
            <param index="0">
              <value>
                <![CDATA[https://qa.portal.packagex.xyz/login]]>
              </value>
            </param>
          </params>
          <reporter-output>
          </reporter-output>
        </test-method> <!-- CreateWebhooks -->
        <test-method is-config="true" signature="tearDown(org.testng.ITestResult)[pri:0, instance:SiteTestCases.SettingsTests.APIandWebhooksTests.APIandWebhooksTestsPage@24105dc5]" started-at="2022-10-13T11:02:01 PKT" name="tearDown" finished-at="2022-10-13T11:02:01 PKT" duration-ms="0" status="PASS">
          <params>
            <param index="0">
              <value>
                <![CDATA[[TestResult name=CreateWebhooks status=SUCCESS method=APIandWebhooksTestsPage.CreateWebhooks(java.lang.String)[pri:0, instance:SiteTestCases.SettingsTests.APIandWebhooksTests.APIandWebhooksTestsPage@24105dc5] output={null}]]]>
              </value>
            </param>
          </params>
          <reporter-output>
          </reporter-output>
        </test-method> <!-- tearDown -->
        <test-method is-config="true" signature="closeDriver()[pri:0, instance:SiteTestCases.SettingsTests.APIandWebhooksTests.APIandWebhooksTestsPage@24105dc5]" started-at="2022-10-13T11:02:01 PKT" name="closeDriver" finished-at="2022-10-13T11:02:02 PKT" duration-ms="803" status="PASS">
          <reporter-output>
          </reporter-output>
        </test-method> <!-- closeDriver -->
        <test-method is-config="true" signature="onFinish(org.testng.ITestContext)[pri:0, instance:SiteTestCases.SettingsTests.APIandWebhooksTests.APIandWebhooksTestsPage@24105dc5]" started-at="2022-10-13T11:02:02 PKT" name="onFinish" finished-at="2022-10-13T11:02:02 PKT" duration-ms="1" status="PASS">
          <params>
            <param index="0">
              <value>
                <![CDATA[org.testng.TestRunner@154bfc2f]]>
              </value>
            </param>
          </params>
          <reporter-output>
          </reporter-output>
        </test-method> <!-- onFinish -->
      </class> <!-- SiteTestCases.SettingsTests.APIandWebhooksTests.APIandWebhooksTestsPage -->
    </test> <!-- CreateWebhooks -->
  </suite> <!-- MailRoom2.Automation QA -->
</testng-results>
