<?xml version="1.0" encoding="UTF-8"?>
<testng-results ignored="2" total="3" passed="0" failed="0" skipped="1">
  <reporter-output>
  </reporter-output>
  <suite started-at="2022-12-15T13:45:53 PKT" name="MailRoom2.Automation QATest3" finished-at="2022-12-15T13:45:54 PKT" duration-ms="521">
    <groups>
      <group name="Workflows">
        <method signature="WorkflowsPageTests.PreviewCustomize(java.lang.String)[pri:0, instance:SiteTestCases.SettingsTests.WorkflowsTests.WorkflowsPageTests@35dab4eb]" name="PreviewCustomize" class="SiteTestCases.SettingsTests.WorkflowsTests.WorkflowsPageTests"/>
      </group> <!-- Workflows -->
      <group name="Settings">
        <method signature="WorkflowsPageTests.PreviewCustomize(java.lang.String)[pri:0, instance:SiteTestCases.SettingsTests.WorkflowsTests.WorkflowsPageTests@35dab4eb]" name="PreviewCustomize" class="SiteTestCases.SettingsTests.WorkflowsTests.WorkflowsPageTests"/>
      </group> <!-- Settings -->
    </groups>
    <test started-at="2022-12-15T13:45:53 PKT" name="SignInOptions_EnableMagicLink" finished-at="2022-12-15T13:45:54 PKT" duration-ms="521">
      <class name="SiteTestCases.SettingsTests.WorkflowsTests.WorkflowsPageTests">
        <test-method is-config="true" signature="initDriver(java.lang.String)[pri:0, instance:SiteTestCases.SettingsTests.WorkflowsTests.WorkflowsPageTests@35dab4eb]" started-at="2022-12-15T13:45:53 PKT" name="initDriver" finished-at="2022-12-15T13:45:54 PKT" duration-ms="172" status="FAIL">
          <params>
            <param index="0">
              <value>
                <![CDATA[Chrome]]>
              </value>
            </param>
          </params>
          <exception class="java.lang.NoSuchMethodError">
            <message>
              <![CDATA['com.google.common.collect.ImmutableMap com.google.common.collect.ImmutableMap.of(java.lang.Object, java.lang.Object, java.lang.Object, java.lang.Object, java.lang.Object, java.lang.Object, java.lang.Object, java.lang.Object, java.lang.Object, java.lang.Object, java.lang.Object, java.lang.Object)']]>
            </message>
            <full-stacktrace>
              <![CDATA[java.lang.NoSuchMethodError: 'com.google.common.collect.ImmutableMap com.google.common.collect.ImmutableMap.of(java.lang.Object, java.lang.Object, java.lang.Object, java.lang.Object, java.lang.Object, java.lang.Object, java.lang.Object, java.lang.Object, java.lang.Object, java.lang.Object, java.lang.Object, java.lang.Object)'
at org.openqa.selenium.chrome.AddHasCasting.getAdditionalCommands(AddHasCasting.java:38)
at org.openqa.selenium.chrome.ChromeDriver$ChromeDriverCommandExecutor.getExtraCommands(ChromeDriver.java:99)
at org.openqa.selenium.chrome.ChromeDriver$ChromeDriverCommandExecutor.<init>(ChromeDriver.java:94)
at org.openqa.selenium.chrome.ChromeDriver.<init>(ChromeDriver.java:82)
at org.openqa.selenium.chrome.ChromeDriver.<init>(ChromeDriver.java:50)
at BaseClasses.DriverBaseClass.initDriver(DriverBaseClass.java:216)
at java.base/jdk.internal.reflect.NativeMethodAccessorImpl.invoke0(Native Method)
at java.base/jdk.internal.reflect.NativeMethodAccessorImpl.invoke(NativeMethodAccessorImpl.java:77)
at java.base/jdk.internal.reflect.DelegatingMethodAccessorImpl.invoke(DelegatingMethodAccessorImpl.java:43)
at java.base/java.lang.reflect.Method.invoke(Method.java:568)
at org.testng.internal.MethodInvocationHelper.invokeMethod(MethodInvocationHelper.java:133)
at org.testng.internal.MethodInvocationHelper.invokeMethodConsideringTimeout(MethodInvocationHelper.java:62)
at org.testng.internal.ConfigInvoker.invokeConfigurationMethod(ConfigInvoker.java:385)
at org.testng.internal.ConfigInvoker.invokeConfigurations(ConfigInvoker.java:321)
at org.testng.TestRunner.invokeTestConfigurations(TestRunner.java:637)
at org.testng.TestRunner.beforeRun(TestRunner.java:627)
at org.testng.TestRunner.run(TestRunner.java:589)
at org.testng.SuiteRunner.runTest(SuiteRunner.java:377)
at org.testng.SuiteRunner.runSequentially(SuiteRunner.java:371)
at org.testng.SuiteRunner.privateRun(SuiteRunner.java:332)
at org.testng.SuiteRunner.run(SuiteRunner.java:276)
at org.testng.SuiteRunnerWorker.runSuite(SuiteRunnerWorker.java:53)
at org.testng.SuiteRunnerWorker.run(SuiteRunnerWorker.java:96)
at org.testng.TestNG.runSuitesSequentially(TestNG.java:1212)
at org.testng.TestNG.runSuitesLocally(TestNG.java:1134)
at org.testng.TestNG.runSuites(TestNG.java:1063)
at org.testng.TestNG.run(TestNG.java:1031)
at org.testng.remote.AbstractRemoteTestNG.run(AbstractRemoteTestNG.java:115)
at org.testng.remote.RemoteTestNG.initAndRun(RemoteTestNG.java:251)
at org.testng.remote.RemoteTestNG.main(RemoteTestNG.java:77)
]]>
            </full-stacktrace>
          </exception> <!-- java.lang.NoSuchMethodError -->
          <reporter-output>
          </reporter-output>
        </test-method> <!-- initDriver -->
        <test-method is-config="true" signature="initPageObjectClass()[pri:0, instance:SiteTestCases.SettingsTests.WorkflowsTests.WorkflowsPageTests@35dab4eb]" started-at="2022-12-15T13:45:54 PKT" name="initPageObjectClass" finished-at="2022-12-15T13:45:54 PKT" duration-ms="69" status="PASS">
          <reporter-output>
          </reporter-output>
        </test-method> <!-- initPageObjectClass -->
        <test-method is-config="true" signature="initPageObjectClass1()[pri:0, instance:SiteTestCases.SettingsTests.WorkflowsTests.WorkflowsPageTests@35dab4eb]" started-at="2022-12-15T13:45:54 PKT" name="initPageObjectClass1" finished-at="2022-12-15T13:45:54 PKT" duration-ms="46" status="PASS">
          <reporter-output>
          </reporter-output>
        </test-method> <!-- initPageObjectClass1 -->
        <test-method is-config="true" signature="initPageObjectClass2()[pri:0, instance:SiteTestCases.SettingsTests.WorkflowsTests.WorkflowsPageTests@35dab4eb]" started-at="2022-12-15T13:45:54 PKT" name="initPageObjectClass2" finished-at="2022-12-15T13:45:54 PKT" duration-ms="65" status="PASS">
          <reporter-output>
          </reporter-output>
        </test-method> <!-- initPageObjectClass2 -->
        <test-method is-config="true" signature="initPageObjectClass3()[pri:0, instance:SiteTestCases.SettingsTests.WorkflowsTests.WorkflowsPageTests@35dab4eb]" started-at="2022-12-15T13:45:54 PKT" name="initPageObjectClass3" finished-at="2022-12-15T13:45:54 PKT" duration-ms="21" status="PASS">
          <reporter-output>
          </reporter-output>
        </test-method> <!-- initPageObjectClass3 -->
        <test-method is-config="true" signature="initPageObjectClass4()[pri:0, instance:SiteTestCases.SettingsTests.WorkflowsTests.WorkflowsPageTests@35dab4eb]" started-at="2022-12-15T13:45:54 PKT" name="initPageObjectClass4" finished-at="2022-12-15T13:45:54 PKT" duration-ms="60" status="PASS">
          <reporter-output>
          </reporter-output>
        </test-method> <!-- initPageObjectClass4 -->
        <test-method is-config="true" signature="initPageObjectClass5()[pri:0, instance:SiteTestCases.SettingsTests.WorkflowsTests.WorkflowsPageTests@35dab4eb]" started-at="2022-12-15T13:45:54 PKT" name="initPageObjectClass5" finished-at="2022-12-15T13:45:54 PKT" duration-ms="4" status="PASS">
          <reporter-output>
          </reporter-output>
        </test-method> <!-- initPageObjectClass5 -->
        <test-method signature="PreviewCustomize(java.lang.String)[pri:0, instance:SiteTestCases.SettingsTests.WorkflowsTests.WorkflowsPageTests@35dab4eb]" started-at="2022-12-15T13:45:54 PKT" name="PreviewCustomize" finished-at="2022-12-15T13:45:54 PKT" duration-ms="0" status="SKIP">
          <params>
            <param index="0">
              <value>
                <![CDATA[https://qa.portal.packagex.xyz/login]]>
              </value>
            </param>
          </params>
          <exception class="java.lang.NoSuchMethodError">
            <message>
              <![CDATA['com.google.common.collect.ImmutableMap com.google.common.collect.ImmutableMap.of(java.lang.Object, java.lang.Object, java.lang.Object, java.lang.Object, java.lang.Object, java.lang.Object, java.lang.Object, java.lang.Object, java.lang.Object, java.lang.Object, java.lang.Object, java.lang.Object)']]>
            </message>
            <full-stacktrace>
              <![CDATA[java.lang.NoSuchMethodError: 'com.google.common.collect.ImmutableMap com.google.common.collect.ImmutableMap.of(java.lang.Object, java.lang.Object, java.lang.Object, java.lang.Object, java.lang.Object, java.lang.Object, java.lang.Object, java.lang.Object, java.lang.Object, java.lang.Object, java.lang.Object, java.lang.Object)'
at org.openqa.selenium.chrome.AddHasCasting.getAdditionalCommands(AddHasCasting.java:38)
at org.openqa.selenium.chrome.ChromeDriver$ChromeDriverCommandExecutor.getExtraCommands(ChromeDriver.java:99)
at org.openqa.selenium.chrome.ChromeDriver$ChromeDriverCommandExecutor.<init>(ChromeDriver.java:94)
at org.openqa.selenium.chrome.ChromeDriver.<init>(ChromeDriver.java:82)
at org.openqa.selenium.chrome.ChromeDriver.<init>(ChromeDriver.java:50)
at BaseClasses.DriverBaseClass.initDriver(DriverBaseClass.java:216)
at java.base/jdk.internal.reflect.NativeMethodAccessorImpl.invoke0(Native Method)
at java.base/jdk.internal.reflect.NativeMethodAccessorImpl.invoke(NativeMethodAccessorImpl.java:77)
at java.base/jdk.internal.reflect.DelegatingMethodAccessorImpl.invoke(DelegatingMethodAccessorImpl.java:43)
at java.base/java.lang.reflect.Method.invoke(Method.java:568)
at org.testng.internal.MethodInvocationHelper.invokeMethod(MethodInvocationHelper.java:133)
at org.testng.internal.MethodInvocationHelper.invokeMethodConsideringTimeout(MethodInvocationHelper.java:62)
at org.testng.internal.ConfigInvoker.invokeConfigurationMethod(ConfigInvoker.java:385)
at org.testng.internal.ConfigInvoker.invokeConfigurations(ConfigInvoker.java:321)
at org.testng.TestRunner.invokeTestConfigurations(TestRunner.java:637)
at org.testng.TestRunner.beforeRun(TestRunner.java:627)
at org.testng.TestRunner.run(TestRunner.java:589)
at org.testng.SuiteRunner.runTest(SuiteRunner.java:377)
at org.testng.SuiteRunner.runSequentially(SuiteRunner.java:371)
at org.testng.SuiteRunner.privateRun(SuiteRunner.java:332)
at org.testng.SuiteRunner.run(SuiteRunner.java:276)
at org.testng.SuiteRunnerWorker.runSuite(SuiteRunnerWorker.java:53)
at org.testng.SuiteRunnerWorker.run(SuiteRunnerWorker.java:96)
at org.testng.TestNG.runSuitesSequentially(TestNG.java:1212)
at org.testng.TestNG.runSuitesLocally(TestNG.java:1134)
at org.testng.TestNG.runSuites(TestNG.java:1063)
at org.testng.TestNG.run(TestNG.java:1031)
at org.testng.remote.AbstractRemoteTestNG.run(AbstractRemoteTestNG.java:115)
at org.testng.remote.RemoteTestNG.initAndRun(RemoteTestNG.java:251)
at org.testng.remote.RemoteTestNG.main(RemoteTestNG.java:77)
]]>
            </full-stacktrace>
          </exception> <!-- java.lang.NoSuchMethodError -->
          <reporter-output>
          </reporter-output>
        </test-method> <!-- PreviewCustomize -->
        <test-method is-config="true" signature="tearDown(org.testng.ITestResult)[pri:0, instance:SiteTestCases.SettingsTests.WorkflowsTests.WorkflowsPageTests@35dab4eb]" started-at="2022-12-15T13:45:54 PKT" name="tearDown" finished-at="2022-12-15T13:45:54 PKT" duration-ms="2" status="PASS">
          <params>
            <param index="0">
              <value>
                <![CDATA[[TestResult name={null} status=CREATED method=WorkflowsPageTests.PreviewCustomize(java.lang.String)[pri:0, instance:SiteTestCases.SettingsTests.WorkflowsTests.WorkflowsPageTests@35dab4eb] output={null}]]]>
              </value>
            </param>
          </params>
          <reporter-output>
          </reporter-output>
        </test-method> <!-- tearDown -->
        <test-method is-config="true" signature="closeDriver()[pri:0, instance:SiteTestCases.SettingsTests.WorkflowsTests.WorkflowsPageTests@35dab4eb]" started-at="2022-12-15T13:45:54 PKT" name="closeDriver" finished-at="2022-12-15T13:45:54 PKT" duration-ms="1" status="PASS">
          <reporter-output>
          </reporter-output>
        </test-method> <!-- closeDriver -->
        <test-method is-config="true" signature="onFinish(org.testng.ITestContext)[pri:0, instance:SiteTestCases.SettingsTests.WorkflowsTests.WorkflowsPageTests@35dab4eb]" started-at="2022-12-15T13:45:54 PKT" name="onFinish" finished-at="2022-12-15T13:45:54 PKT" duration-ms="0" status="PASS">
          <params>
            <param index="0">
              <value>
                <![CDATA[org.testng.TestRunner@2eee3069]]>
              </value>
            </param>
          </params>
          <reporter-output>
          </reporter-output>
        </test-method> <!-- onFinish -->
      </class> <!-- SiteTestCases.SettingsTests.WorkflowsTests.WorkflowsPageTests -->
    </test> <!-- SignInOptions_EnableMagicLink -->
  </suite> <!-- MailRoom2.Automation QATest3 -->
</testng-results>
