<?xml version="1.0" encoding="UTF-8"?>
<!-- Generated by org.testng.reporters.JUnitXMLReporter -->
<testsuite ignored="2" hostname="VX-LT-0082" failures="0" tests="1" name="2" time="45.723" errors="0" timestamp="2022-01-17T22:26:26 PKT">
  <testcase classname="SiteTestCases.LoginTests.LoginPageTests" name="LoginManager" time="38.959"/>
  <testcase classname="SiteTestCases.LoginTests.LoginPageTests" name="LoginOperator" time="0.0">
    <ignored/>
  </testcase> <!-- LoginOperator -->
  <testcase classname="SiteTestCases.LoginTests.LoginPageTests" name="LoginAdmin" time="0.0">
    <ignored/>
  </testcase> <!-- LoginAdmin -->
</testsuite> <!-- 2 -->
